2019-11-09-http-nio-8880-exec-1-INFO -com.cg.cab.service.CabServiceImpl:================================================
2019-11-09-http-nio-8880-exec-1-INFO -com.cg.cab.service.CabServiceImpl:POST MAPPING REQUEST to VALIDATE Customer
2019-11-09-http-nio-8880-exec-1-INFO -com.cg.cab.dao.CabDaoImpl:<<Customer validation >>
2019-11-09-http-nio-8880-exec-1-ERROR-com.cg.cab.dao.CabDaoImpl:Customer not found
2019-11-09-http-nio-8880-exec-2-INFO -com.cg.cab.controller.CabController:================================================
2019-11-09-http-nio-8880-exec-2-INFO -com.cg.cab.controller.CabController:POST MAPPING REQUEST to VALIDATE Customer
2019-11-09-http-nio-8880-exec-2-INFO -com.cg.cab.dao.CabDaoImpl:<<Customer validation >>
2019-11-09-http-nio-8880-exec-2-ERROR-com.cg.cab.dao.CabDaoImpl:Customer not found
2019-11-09-http-nio-8880-exec-2-INFO -com.cg.cab.controller.CabController:================================================
2019-11-09-http-nio-8880-exec-2-INFO -com.cg.cab.controller.CabController:POST MAPPING REQUEST to VALIDATE Customer
2019-11-09-http-nio-8880-exec-2-INFO -com.cg.cab.service.CabServiceImpl:<<Customer validation service>>
2019-11-09-http-nio-8880-exec-2-INFO -com.cg.cab.dao.CabDaoImpl:<<Customer validation >>
2019-11-09-http-nio-8880-exec-2-ERROR-com.cg.cab.dao.CabDaoImpl:Customer not found
2019-11-09-main-INFO -com.cg.cab.service.CabServiceImpl:<<Customer validation service>>
2019-11-09-main-INFO -com.cg.cab.dao.CabDaoImpl:<<Customer validation >>
2019-11-09-main-INFO -com.cg.cab.service.CabServiceImpl:<<Driver validation service>>
2019-11-09-main-INFO -com.cg.cab.dao.CabDaoImpl:<<Driver validation >>
2019-11-09-main-INFO -com.cg.cab.dao.CabDaoImpl:Driver found
2019-11-09-main-INFO -com.cg.cab.service.CabServiceImpl:<<Driver validation service>>
2019-11-09-main-INFO -com.cg.cab.dao.CabDaoImpl:<<Driver validation >>
2019-11-09-main-INFO -com.cg.cab.dao.CabDaoImpl:Driver found
2019-11-09-main-INFO -com.cg.cab.service.CabServiceImpl:<<Driver validation service>>
2019-11-09-main-INFO -com.cg.cab.dao.CabDaoImpl:<<Driver validation >>
2019-11-09-main-ERROR-com.cg.cab.dao.CabDaoImpl:Driver not found
2019-11-09-main-INFO -com.cg.cab.service.CabServiceImpl:<<Driver validation service>>
2019-11-09-main-INFO -com.cg.cab.dao.CabDaoImpl:<<Driver validation >>
2019-11-09-main-ERROR-com.cg.cab.dao.CabDaoImpl:Driver not found
2019-11-09-main-INFO -com.cg.cab.service.CabServiceImpl:<<Driver validation service>>
2019-11-09-main-INFO -com.cg.cab.dao.CabDaoImpl:<<Driver validation >>
2019-11-09-main-ERROR-com.cg.cab.dao.CabDaoImpl:Driver not found
2019-11-09-http-nio-8880-exec-1-INFO -com.cg.cab.controller.CabController:================================================
2019-11-09-http-nio-8880-exec-1-INFO -com.cg.cab.controller.CabController:POST MAPPING REQUEST for SIGN-UP Customer
2019-11-09-http-nio-8880-exec-1-INFO -com.cg.cab.service.CabServiceImpl:<<Sign-up of new Customer service>>
2019-11-09-http-nio-8880-exec-1-INFO -com.cg.cab.dao.CabDaoImpl:<<Sign-up of new Customer dao>>
2019-11-09-http-nio-8880-exec-1-INFO -com.cg.cab.dao.CabDaoImpl:Setting wallet value as 1000
2019-11-09-http-nio-8880-exec-1-INFO -com.cg.cab.dao.CabDaoImpl:Customer Persisted
2019-11-09-http-nio-8880-exec-2-INFO -com.cg.cab.controller.CabController:================================================
2019-11-09-http-nio-8880-exec-2-INFO -com.cg.cab.controller.CabController:POST MAPPING REQUEST for SIGN-UP Customer
2019-11-09-http-nio-8880-exec-2-INFO -com.cg.cab.service.CabServiceImpl:<<Sign-up of new Customer service>>
2019-11-09-http-nio-8880-exec-2-INFO -com.cg.cab.dao.CabDaoImpl:<<Sign-up of new Customer dao>>
2019-11-09-http-nio-8880-exec-2-INFO -com.cg.cab.dao.CabDaoImpl:Setting wallet value as 1000
2019-11-09-http-nio-8880-exec-2-INFO -com.cg.cab.dao.CabDaoImpl:Customer Persisted
2019-11-09-http-nio-8880-exec-3-INFO -com.cg.cab.controller.CabController:================================================
2019-11-09-http-nio-8880-exec-3-INFO -com.cg.cab.controller.CabController:POST MAPPING REQUEST for SIGN-UP Customer
2019-11-09-http-nio-8880-exec-3-INFO -com.cg.cab.service.CabServiceImpl:<<Sign-up of new Customer service>>
2019-11-09-http-nio-8880-exec-3-INFO -com.cg.cab.dao.CabDaoImpl:<<Sign-up of new Customer dao>>
2019-11-09-http-nio-8880-exec-3-INFO -com.cg.cab.dao.CabDaoImpl:Setting wallet value as 1000
2019-11-09-http-nio-8880-exec-3-INFO -com.cg.cab.dao.CabDaoImpl:Customer Persisted
2019-11-09-http-nio-8880-exec-4-INFO -com.cg.cab.controller.CabController:================================================
2019-11-09-http-nio-8880-exec-4-INFO -com.cg.cab.controller.CabController:POST MAPPING REQUEST for SIGN-UP Customer
2019-11-09-http-nio-8880-exec-4-INFO -com.cg.cab.service.CabServiceImpl:<<Sign-up of new Customer service>>
2019-11-09-http-nio-8880-exec-4-INFO -com.cg.cab.dao.CabDaoImpl:<<Sign-up of new Customer dao>>
2019-11-09-http-nio-8880-exec-4-INFO -com.cg.cab.dao.CabDaoImpl:Setting wallet value as 1000
2019-11-09-http-nio-8880-exec-4-INFO -com.cg.cab.dao.CabDaoImpl:Customer Persisted
2019-11-09-http-nio-8880-exec-5-INFO -com.cg.cab.controller.CabController:================================================
2019-11-09-http-nio-8880-exec-5-INFO -com.cg.cab.controller.CabController:POST MAPPING REQUEST for SIGN-UP Customer
2019-11-09-http-nio-8880-exec-5-INFO -com.cg.cab.service.CabServiceImpl:<<Sign-up of new Customer service>>
2019-11-09-http-nio-8880-exec-5-INFO -com.cg.cab.dao.CabDaoImpl:<<Sign-up of new Customer dao>>
2019-11-09-http-nio-8880-exec-5-INFO -com.cg.cab.dao.CabDaoImpl:Setting wallet value as 1000
2019-11-09-http-nio-8880-exec-5-INFO -com.cg.cab.dao.CabDaoImpl:Customer Persisted
2019-11-09-http-nio-8880-exec-1-INFO -com.cg.cab.controller.CabController:================================================
2019-11-09-http-nio-8880-exec-1-INFO -com.cg.cab.controller.CabController:POST MAPPING REQUEST to VALIDATE Customer
2019-11-09-http-nio-8880-exec-1-INFO -com.cg.cab.service.CabServiceImpl:<<Customer validation service>>
2019-11-09-http-nio-8880-exec-1-INFO -com.cg.cab.dao.CabDaoImpl:<<Customer validation >>
2019-11-09-http-nio-8880-exec-2-INFO -com.cg.cab.controller.CabController:================================================
2019-11-09-http-nio-8880-exec-2-INFO -com.cg.cab.controller.CabController:POST MAPPING REQUEST to VALIDATE Customer
2019-11-09-http-nio-8880-exec-2-INFO -com.cg.cab.service.CabServiceImpl:<<Customer validation service>>
2019-11-09-http-nio-8880-exec-2-INFO -com.cg.cab.dao.CabDaoImpl:<<Customer validation >>
2019-11-09-http-nio-8880-exec-4-INFO -com.cg.cab.controller.CabController:================================================
2019-11-09-http-nio-8880-exec-4-INFO -com.cg.cab.controller.CabController:POST MAPPING REQUEST to VALIDATE Customer
2019-11-09-http-nio-8880-exec-4-INFO -com.cg.cab.service.CabServiceImpl:<<Customer validation service>>
2019-11-09-http-nio-8880-exec-4-INFO -com.cg.cab.dao.CabDaoImpl:<<Customer validation >>
2019-11-09-http-nio-8880-exec-5-INFO -com.cg.cab.controller.CabController:================================================
2019-11-09-http-nio-8880-exec-5-INFO -com.cg.cab.controller.CabController:POST MAPPING REQUEST to VALIDATE Customer
2019-11-09-http-nio-8880-exec-5-INFO -com.cg.cab.service.CabServiceImpl:<<Customer validation service>>
2019-11-09-http-nio-8880-exec-5-INFO -com.cg.cab.dao.CabDaoImpl:<<Customer validation >>
2019-11-09-http-nio-8880-exec-7-INFO -com.cg.cab.controller.CabController:================================================
2019-11-09-http-nio-8880-exec-7-INFO -com.cg.cab.controller.CabController:POST MAPPING REQUEST to VALIDATE Customer
2019-11-09-http-nio-8880-exec-7-INFO -com.cg.cab.service.CabServiceImpl:<<Customer validation service>>
2019-11-09-http-nio-8880-exec-7-INFO -com.cg.cab.dao.CabDaoImpl:<<Customer validation >>
2019-11-09-http-nio-8880-exec-8-INFO -com.cg.cab.controller.CabController:================================================
2019-11-09-http-nio-8880-exec-8-INFO -com.cg.cab.controller.CabController:POST MAPPING REQUEST to VALIDATE Customer
2019-11-09-http-nio-8880-exec-8-INFO -com.cg.cab.service.CabServiceImpl:<<Customer validation service>>
2019-11-09-http-nio-8880-exec-8-INFO -com.cg.cab.dao.CabDaoImpl:<<Customer validation >>
2019-11-09-http-nio-8880-exec-10-INFO -com.cg.cab.controller.CabController:================================================
2019-11-09-http-nio-8880-exec-10-INFO -com.cg.cab.controller.CabController:POST MAPPING REQUEST to VALIDATE Customer
2019-11-09-http-nio-8880-exec-10-INFO -com.cg.cab.service.CabServiceImpl:<<Customer validation service>>
2019-11-09-http-nio-8880-exec-10-INFO -com.cg.cab.dao.CabDaoImpl:<<Customer validation >>
2019-11-09-http-nio-8880-exec-2-INFO -com.cg.cab.controller.CabController:================================================
2019-11-09-http-nio-8880-exec-2-INFO -com.cg.cab.controller.CabController:POST MAPPING REQUEST to VALIDATE Customer
2019-11-09-http-nio-8880-exec-2-INFO -com.cg.cab.service.CabServiceImpl:<<Customer validation service>>
2019-11-09-http-nio-8880-exec-2-INFO -com.cg.cab.dao.CabDaoImpl:<<Customer validation >>
2019-11-09-http-nio-8880-exec-4-INFO -com.cg.cab.controller.CabController:================================================
2019-11-09-http-nio-8880-exec-4-INFO -com.cg.cab.controller.CabController:POST MAPPING REQUEST to VALIDATE Customer
2019-11-09-http-nio-8880-exec-4-INFO -com.cg.cab.service.CabServiceImpl:<<Customer validation service>>
2019-11-09-http-nio-8880-exec-4-INFO -com.cg.cab.dao.CabDaoImpl:<<Customer validation >>
2019-11-09-http-nio-8880-exec-6-INFO -com.cg.cab.controller.CabController:================================================
2019-11-09-http-nio-8880-exec-6-INFO -com.cg.cab.controller.CabController:POST MAPPING REQUEST to VALIDATE Customer
2019-11-09-http-nio-8880-exec-6-INFO -com.cg.cab.service.CabServiceImpl:<<Customer validation service>>
2019-11-09-http-nio-8880-exec-6-INFO -com.cg.cab.dao.CabDaoImpl:<<Customer validation >>
2019-11-09-http-nio-8880-exec-7-INFO -com.cg.cab.controller.CabController:================================================
2019-11-09-http-nio-8880-exec-7-INFO -com.cg.cab.controller.CabController:POST MAPPING REQUEST to VALIDATE Customer
2019-11-09-http-nio-8880-exec-7-INFO -com.cg.cab.service.CabServiceImpl:<<Customer validation service>>
2019-11-09-http-nio-8880-exec-7-INFO -com.cg.cab.dao.CabDaoImpl:<<Customer validation >>
2019-11-09-http-nio-8880-exec-8-INFO -com.cg.cab.controller.CabController:================================================
2019-11-09-http-nio-8880-exec-8-INFO -com.cg.cab.controller.CabController:POST MAPPING REQUEST to VALIDATE Customer
2019-11-09-http-nio-8880-exec-8-INFO -com.cg.cab.service.CabServiceImpl:<<Customer validation service>>
2019-11-09-http-nio-8880-exec-8-INFO -com.cg.cab.dao.CabDaoImpl:<<Customer validation >>
2019-11-09-http-nio-8880-exec-9-INFO -com.cg.cab.controller.CabController:================================================
2019-11-09-http-nio-8880-exec-9-INFO -com.cg.cab.controller.CabController:POST MAPPING REQUEST to VALIDATE Customer
2019-11-09-http-nio-8880-exec-9-INFO -com.cg.cab.service.CabServiceImpl:<<Customer validation service>>
2019-11-09-http-nio-8880-exec-9-INFO -com.cg.cab.dao.CabDaoImpl:<<Customer validation >>
2019-11-09-http-nio-8880-exec-10-INFO -com.cg.cab.controller.CabController:================================================
2019-11-09-http-nio-8880-exec-10-INFO -com.cg.cab.controller.CabController:POST MAPPING REQUEST to VALIDATE Customer
2019-11-09-http-nio-8880-exec-10-INFO -com.cg.cab.service.CabServiceImpl:<<Customer validation service>>
2019-11-09-http-nio-8880-exec-10-INFO -com.cg.cab.dao.CabDaoImpl:<<Customer validation >>
2019-11-09-http-nio-8880-exec-1-INFO -com.cg.cab.controller.CabController:================================================
2019-11-09-http-nio-8880-exec-1-INFO -com.cg.cab.controller.CabController:POST MAPPING REQUEST to VALIDATE Customer
2019-11-09-http-nio-8880-exec-1-INFO -com.cg.cab.service.CabServiceImpl:<<Customer validation service>>
2019-11-09-http-nio-8880-exec-1-INFO -com.cg.cab.dao.CabDaoImpl:<<Customer validation >>
2019-11-09-http-nio-8880-exec-3-INFO -com.cg.cab.controller.CabController:================================================
2019-11-09-http-nio-8880-exec-3-INFO -com.cg.cab.controller.CabController:POST MAPPING REQUEST to VALIDATE Customer
2019-11-09-http-nio-8880-exec-3-INFO -com.cg.cab.service.CabServiceImpl:<<Customer validation service>>
2019-11-09-http-nio-8880-exec-3-INFO -com.cg.cab.dao.CabDaoImpl:<<Customer validation >>
2019-11-09-http-nio-8880-exec-4-INFO -com.cg.cab.controller.CabController:================================================
2019-11-09-http-nio-8880-exec-4-INFO -com.cg.cab.controller.CabController:POST MAPPING REQUEST to VALIDATE Customer
2019-11-09-http-nio-8880-exec-4-INFO -com.cg.cab.service.CabServiceImpl:<<Customer validation service>>
2019-11-09-http-nio-8880-exec-4-INFO -com.cg.cab.dao.CabDaoImpl:<<Customer validation >>
2019-11-09-http-nio-8880-exec-5-INFO -com.cg.cab.controller.CabController:================================================
2019-11-09-http-nio-8880-exec-5-INFO -com.cg.cab.controller.CabController:POST MAPPING REQUEST to VALIDATE Customer
2019-11-09-http-nio-8880-exec-5-INFO -com.cg.cab.service.CabServiceImpl:<<Customer validation service>>
2019-11-09-http-nio-8880-exec-5-INFO -com.cg.cab.dao.CabDaoImpl:<<Customer validation >>
2019-11-09-http-nio-8880-exec-6-INFO -com.cg.cab.controller.CabController:================================================
2019-11-09-http-nio-8880-exec-6-INFO -com.cg.cab.controller.CabController:POST MAPPING REQUEST to VALIDATE Customer
2019-11-09-http-nio-8880-exec-6-INFO -com.cg.cab.service.CabServiceImpl:<<Customer validation service>>
2019-11-09-http-nio-8880-exec-6-INFO -com.cg.cab.dao.CabDaoImpl:<<Customer validation >>
2019-11-09-http-nio-8880-exec-7-INFO -com.cg.cab.controller.CabController:================================================
2019-11-09-http-nio-8880-exec-7-INFO -com.cg.cab.controller.CabController:POST MAPPING REQUEST to VALIDATE Customer
2019-11-09-http-nio-8880-exec-7-INFO -com.cg.cab.service.CabServiceImpl:<<Customer validation service>>
2019-11-09-http-nio-8880-exec-7-INFO -com.cg.cab.dao.CabDaoImpl:<<Customer validation >>
2019-11-09-http-nio-8880-exec-8-INFO -com.cg.cab.controller.CabController:================================================
2019-11-09-http-nio-8880-exec-8-INFO -com.cg.cab.controller.CabController:POST MAPPING REQUEST to VALIDATE Customer
2019-11-09-http-nio-8880-exec-8-INFO -com.cg.cab.service.CabServiceImpl:<<Customer validation service>>
2019-11-09-http-nio-8880-exec-8-INFO -com.cg.cab.dao.CabDaoImpl:<<Customer validation >>
2019-11-09-http-nio-8880-exec-9-INFO -com.cg.cab.controller.CabController:================================================
2019-11-09-http-nio-8880-exec-9-INFO -com.cg.cab.controller.CabController:POST MAPPING REQUEST to VALIDATE Customer
2019-11-09-http-nio-8880-exec-9-INFO -com.cg.cab.service.CabServiceImpl:<<Customer validation service>>
2019-11-09-http-nio-8880-exec-9-INFO -com.cg.cab.dao.CabDaoImpl:<<Customer validation >>
2019-11-09-http-nio-8880-exec-10-INFO -com.cg.cab.controller.CabController:================================================
2019-11-09-http-nio-8880-exec-10-INFO -com.cg.cab.controller.CabController:POST MAPPING REQUEST to VALIDATE Customer
2019-11-09-http-nio-8880-exec-10-INFO -com.cg.cab.service.CabServiceImpl:<<Customer validation service>>
2019-11-09-http-nio-8880-exec-10-INFO -com.cg.cab.dao.CabDaoImpl:<<Customer validation >>
2019-11-09-http-nio-8880-exec-1-INFO -com.cg.cab.controller.CabController:================================================
2019-11-09-http-nio-8880-exec-1-INFO -com.cg.cab.controller.CabController:POST MAPPING REQUEST to VALIDATE Customer
2019-11-09-http-nio-8880-exec-1-INFO -com.cg.cab.service.CabServiceImpl:<<Customer validation service>>
2019-11-09-http-nio-8880-exec-1-INFO -com.cg.cab.dao.CabDaoImpl:<<Customer validation >>
2019-11-09-http-nio-8880-exec-2-INFO -com.cg.cab.controller.CabController:================================================
2019-11-09-http-nio-8880-exec-2-INFO -com.cg.cab.controller.CabController:POST MAPPING REQUEST to VALIDATE Customer
2019-11-09-http-nio-8880-exec-2-INFO -com.cg.cab.service.CabServiceImpl:<<Customer validation service>>
2019-11-09-http-nio-8880-exec-2-INFO -com.cg.cab.dao.CabDaoImpl:<<Customer validation >>
2019-11-09-http-nio-8880-exec-4-INFO -com.cg.cab.controller.CabController:================================================
2019-11-09-http-nio-8880-exec-4-INFO -com.cg.cab.controller.CabController:POST MAPPING REQUEST to VALIDATE Customer
2019-11-09-http-nio-8880-exec-4-INFO -com.cg.cab.service.CabServiceImpl:<<Customer validation service>>
2019-11-09-http-nio-8880-exec-4-INFO -com.cg.cab.dao.CabDaoImpl:<<Customer validation >>
2019-11-09-http-nio-8880-exec-6-INFO -com.cg.cab.controller.CabController:================================================
2019-11-09-http-nio-8880-exec-6-INFO -com.cg.cab.controller.CabController:POST MAPPING REQUEST to VALIDATE Customer
2019-11-09-http-nio-8880-exec-6-INFO -com.cg.cab.service.CabServiceImpl:<<Customer validation service>>
2019-11-09-http-nio-8880-exec-6-INFO -com.cg.cab.dao.CabDaoImpl:<<Customer validation >>
2019-11-09-http-nio-8880-exec-7-INFO -com.cg.cab.controller.CabController:================================================
2019-11-09-http-nio-8880-exec-7-INFO -com.cg.cab.controller.CabController:POST MAPPING REQUEST to VALIDATE Customer
2019-11-09-http-nio-8880-exec-7-INFO -com.cg.cab.service.CabServiceImpl:<<Customer validation service>>
2019-11-09-http-nio-8880-exec-7-INFO -com.cg.cab.dao.CabDaoImpl:<<Customer validation >>
2019-11-09-http-nio-8880-exec-8-INFO -com.cg.cab.controller.CabController:================================================
2019-11-09-http-nio-8880-exec-8-INFO -com.cg.cab.controller.CabController:POST MAPPING REQUEST to VALIDATE Customer
2019-11-09-http-nio-8880-exec-8-INFO -com.cg.cab.service.CabServiceImpl:<<Customer validation service>>
2019-11-09-http-nio-8880-exec-8-INFO -com.cg.cab.dao.CabDaoImpl:<<Customer validation >>
2019-11-09-http-nio-8880-exec-1-INFO -com.cg.cab.controller.CabController:================================================
2019-11-09-http-nio-8880-exec-1-INFO -com.cg.cab.controller.CabController:POST MAPPING REQUEST to VALIDATE Customer
2019-11-09-http-nio-8880-exec-1-INFO -com.cg.cab.service.CabServiceImpl:<<Customer validation service>>
2019-11-09-http-nio-8880-exec-1-INFO -com.cg.cab.dao.CabDaoImpl:<<Customer validation >>
2019-11-09-http-nio-8880-exec-2-INFO -com.cg.cab.controller.CabController:================================================
2019-11-09-http-nio-8880-exec-2-INFO -com.cg.cab.controller.CabController:POST MAPPING REQUEST to VALIDATE Customer
2019-11-09-http-nio-8880-exec-2-INFO -com.cg.cab.service.CabServiceImpl:<<Customer validation service>>
2019-11-09-http-nio-8880-exec-2-INFO -com.cg.cab.dao.CabDaoImpl:<<Customer validation >>
2019-11-09-http-nio-8880-exec-3-INFO -com.cg.cab.controller.CabController:================================================
2019-11-09-http-nio-8880-exec-3-INFO -com.cg.cab.controller.CabController:POST MAPPING REQUEST to VALIDATE Customer
2019-11-09-http-nio-8880-exec-3-INFO -com.cg.cab.service.CabServiceImpl:<<Customer validation service>>
2019-11-09-http-nio-8880-exec-3-INFO -com.cg.cab.dao.CabDaoImpl:<<Customer validation >>
2019-11-09-http-nio-8880-exec-1-INFO -com.cg.cab.controller.CabController:================================================
2019-11-09-http-nio-8880-exec-1-INFO -com.cg.cab.controller.CabController:POST MAPPING REQUEST to VALIDATE Customer
2019-11-09-http-nio-8880-exec-1-INFO -com.cg.cab.service.CabServiceImpl:<<Customer validation service>>
2019-11-09-http-nio-8880-exec-1-INFO -com.cg.cab.dao.CabDaoImpl:<<Customer validation >>
2019-11-09-http-nio-8880-exec-2-INFO -com.cg.cab.controller.CabController:================================================
2019-11-09-http-nio-8880-exec-2-INFO -com.cg.cab.controller.CabController:POST MAPPING REQUEST to VALIDATE Customer
2019-11-09-http-nio-8880-exec-2-INFO -com.cg.cab.service.CabServiceImpl:<<Customer validation service>>
2019-11-09-http-nio-8880-exec-2-INFO -com.cg.cab.dao.CabDaoImpl:<<Customer validation >>
2019-11-09-http-nio-8880-exec-3-INFO -com.cg.cab.controller.CabController:================================================
2019-11-09-http-nio-8880-exec-3-INFO -com.cg.cab.controller.CabController:POST MAPPING REQUEST to VALIDATE Customer
2019-11-09-http-nio-8880-exec-3-INFO -com.cg.cab.service.CabServiceImpl:<<Customer validation service>>
2019-11-09-http-nio-8880-exec-3-INFO -com.cg.cab.dao.CabDaoImpl:<<Customer validation >>
2019-11-09-http-nio-8880-exec-4-INFO -com.cg.cab.controller.CabController:================================================
2019-11-09-http-nio-8880-exec-4-INFO -com.cg.cab.controller.CabController:POST MAPPING REQUEST to VALIDATE Customer
2019-11-09-http-nio-8880-exec-4-INFO -com.cg.cab.service.CabServiceImpl:<<Customer validation service>>
2019-11-09-http-nio-8880-exec-4-INFO -com.cg.cab.dao.CabDaoImpl:<<Customer validation >>
2019-11-09-http-nio-8880-exec-5-INFO -com.cg.cab.controller.CabController:================================================
2019-11-09-http-nio-8880-exec-5-INFO -com.cg.cab.controller.CabController:POST MAPPING REQUEST to VALIDATE Customer
2019-11-09-http-nio-8880-exec-5-INFO -com.cg.cab.service.CabServiceImpl:<<Customer validation service>>
2019-11-09-http-nio-8880-exec-5-INFO -com.cg.cab.dao.CabDaoImpl:<<Customer validation >>
2019-11-09-http-nio-8880-exec-6-INFO -com.cg.cab.controller.CabController:================================================
2019-11-09-http-nio-8880-exec-6-INFO -com.cg.cab.controller.CabController:POST MAPPING REQUEST to VALIDATE Customer
2019-11-09-http-nio-8880-exec-6-INFO -com.cg.cab.service.CabServiceImpl:<<Customer validation service>>
2019-11-09-http-nio-8880-exec-6-INFO -com.cg.cab.dao.CabDaoImpl:<<Customer validation >>
2019-11-09-http-nio-8880-exec-7-INFO -com.cg.cab.controller.CabController:================================================
2019-11-09-http-nio-8880-exec-7-INFO -com.cg.cab.controller.CabController:POST MAPPING REQUEST to VALIDATE Customer
2019-11-09-http-nio-8880-exec-7-INFO -com.cg.cab.service.CabServiceImpl:<<Customer validation service>>
2019-11-09-http-nio-8880-exec-7-INFO -com.cg.cab.dao.CabDaoImpl:<<Customer validation >>
2019-11-09-http-nio-8880-exec-8-INFO -com.cg.cab.controller.CabController:================================================
2019-11-09-http-nio-8880-exec-8-INFO -com.cg.cab.controller.CabController:POST MAPPING REQUEST to VALIDATE Customer
2019-11-09-http-nio-8880-exec-8-INFO -com.cg.cab.service.CabServiceImpl:<<Customer validation service>>
2019-11-09-http-nio-8880-exec-8-INFO -com.cg.cab.dao.CabDaoImpl:<<Customer validation >>
2019-11-09-http-nio-8880-exec-9-INFO -com.cg.cab.controller.CabController:================================================
2019-11-09-http-nio-8880-exec-9-INFO -com.cg.cab.controller.CabController:POST MAPPING REQUEST to VALIDATE Customer
2019-11-09-http-nio-8880-exec-9-INFO -com.cg.cab.service.CabServiceImpl:<<Customer validation service>>
2019-11-09-http-nio-8880-exec-9-INFO -com.cg.cab.dao.CabDaoImpl:<<Customer validation >>
2019-11-09-http-nio-8880-exec-10-INFO -com.cg.cab.controller.CabController:================================================
2019-11-09-http-nio-8880-exec-10-INFO -com.cg.cab.controller.CabController:POST MAPPING REQUEST to VALIDATE Customer
2019-11-09-http-nio-8880-exec-10-INFO -com.cg.cab.service.CabServiceImpl:<<Customer validation service>>
2019-11-09-http-nio-8880-exec-10-INFO -com.cg.cab.dao.CabDaoImpl:<<Customer validation >>
2019-11-09-http-nio-8880-exec-1-INFO -com.cg.cab.controller.CabController:================================================
2019-11-09-http-nio-8880-exec-1-INFO -com.cg.cab.controller.CabController:POST MAPPING REQUEST to VALIDATE Customer
2019-11-09-http-nio-8880-exec-1-INFO -com.cg.cab.service.CabServiceImpl:<<Customer validation service>>
2019-11-09-http-nio-8880-exec-1-INFO -com.cg.cab.dao.CabDaoImpl:<<Customer validation >>
2019-11-09-http-nio-8880-exec-2-INFO -com.cg.cab.controller.CabController:================================================
2019-11-09-http-nio-8880-exec-2-INFO -com.cg.cab.controller.CabController:POST MAPPING REQUEST to VALIDATE Customer
2019-11-09-http-nio-8880-exec-2-INFO -com.cg.cab.service.CabServiceImpl:<<Customer validation service>>
2019-11-09-http-nio-8880-exec-2-INFO -com.cg.cab.dao.CabDaoImpl:<<Customer validation >>
2019-11-09-http-nio-8880-exec-3-INFO -com.cg.cab.controller.CabController:================================================
2019-11-09-http-nio-8880-exec-3-INFO -com.cg.cab.controller.CabController:POST MAPPING REQUEST to VALIDATE Customer
2019-11-09-http-nio-8880-exec-3-INFO -com.cg.cab.service.CabServiceImpl:<<Customer validation service>>
2019-11-09-http-nio-8880-exec-3-INFO -com.cg.cab.dao.CabDaoImpl:<<Customer validation >>
2019-11-09-http-nio-8880-exec-4-INFO -com.cg.cab.controller.CabController:================================================
2019-11-09-http-nio-8880-exec-4-INFO -com.cg.cab.controller.CabController:POST MAPPING REQUEST to VALIDATE Customer
2019-11-09-http-nio-8880-exec-4-INFO -com.cg.cab.service.CabServiceImpl:<<Customer validation service>>
2019-11-09-http-nio-8880-exec-4-INFO -com.cg.cab.dao.CabDaoImpl:<<Customer validation >>
2019-11-09-http-nio-8880-exec-5-INFO -com.cg.cab.controller.CabController:================================================
2019-11-09-http-nio-8880-exec-5-INFO -com.cg.cab.controller.CabController:POST MAPPING REQUEST to VALIDATE Customer
2019-11-09-http-nio-8880-exec-5-INFO -com.cg.cab.service.CabServiceImpl:<<Customer validation service>>
2019-11-09-http-nio-8880-exec-5-INFO -com.cg.cab.dao.CabDaoImpl:<<Customer validation >>
2019-11-09-http-nio-8880-exec-6-INFO -com.cg.cab.controller.CabController:================================================
2019-11-09-http-nio-8880-exec-6-INFO -com.cg.cab.controller.CabController:POST MAPPING REQUEST to VALIDATE Customer
2019-11-09-http-nio-8880-exec-6-INFO -com.cg.cab.service.CabServiceImpl:<<Customer validation service>>
2019-11-09-http-nio-8880-exec-6-INFO -com.cg.cab.dao.CabDaoImpl:<<Customer validation >>
2019-11-09-http-nio-8880-exec-7-INFO -com.cg.cab.controller.CabController:================================================
2019-11-09-http-nio-8880-exec-7-INFO -com.cg.cab.controller.CabController:POST MAPPING REQUEST to VALIDATE Customer
2019-11-09-http-nio-8880-exec-7-INFO -com.cg.cab.service.CabServiceImpl:<<Customer validation service>>
2019-11-09-http-nio-8880-exec-7-INFO -com.cg.cab.dao.CabDaoImpl:<<Customer validation >>
2019-11-09-http-nio-8880-exec-8-INFO -com.cg.cab.controller.CabController:================================================
2019-11-09-http-nio-8880-exec-8-INFO -com.cg.cab.controller.CabController:POST MAPPING REQUEST to VALIDATE Customer
2019-11-09-http-nio-8880-exec-8-INFO -com.cg.cab.service.CabServiceImpl:<<Customer validation service>>
2019-11-09-http-nio-8880-exec-8-INFO -com.cg.cab.dao.CabDaoImpl:<<Customer validation >>
2019-11-09-http-nio-8880-exec-9-INFO -com.cg.cab.controller.CabController:================================================
2019-11-09-http-nio-8880-exec-9-INFO -com.cg.cab.controller.CabController:POST MAPPING REQUEST to VALIDATE Customer
2019-11-09-http-nio-8880-exec-9-INFO -com.cg.cab.service.CabServiceImpl:<<Customer validation service>>
2019-11-09-http-nio-8880-exec-9-INFO -com.cg.cab.dao.CabDaoImpl:<<Customer validation >>
2019-11-09-http-nio-8880-exec-10-INFO -com.cg.cab.controller.CabController:================================================
2019-11-09-http-nio-8880-exec-10-INFO -com.cg.cab.controller.CabController:POST MAPPING REQUEST to VALIDATE Customer
2019-11-09-http-nio-8880-exec-10-INFO -com.cg.cab.service.CabServiceImpl:<<Customer validation service>>
2019-11-09-http-nio-8880-exec-10-INFO -com.cg.cab.dao.CabDaoImpl:<<Customer validation >>
2019-11-09-http-nio-8880-exec-1-INFO -com.cg.cab.controller.CabController:================================================
2019-11-09-http-nio-8880-exec-1-INFO -com.cg.cab.controller.CabController:POST MAPPING REQUEST to VALIDATE Customer
2019-11-09-http-nio-8880-exec-1-INFO -com.cg.cab.service.CabServiceImpl:<<Customer validation service>>
2019-11-09-http-nio-8880-exec-1-INFO -com.cg.cab.dao.CabDaoImpl:<<Customer validation >>
2019-11-09-http-nio-8880-exec-3-INFO -com.cg.cab.controller.CabController:================================================
2019-11-09-http-nio-8880-exec-3-INFO -com.cg.cab.controller.CabController:POST MAPPING REQUEST to VALIDATE Customer
2019-11-09-http-nio-8880-exec-3-INFO -com.cg.cab.service.CabServiceImpl:<<Customer validation service>>
2019-11-09-http-nio-8880-exec-3-INFO -com.cg.cab.dao.CabDaoImpl:<<Customer validation >>
2019-11-09-http-nio-8880-exec-4-INFO -com.cg.cab.controller.CabController:================================================
2019-11-09-http-nio-8880-exec-4-INFO -com.cg.cab.controller.CabController:POST MAPPING REQUEST to VALIDATE Customer
2019-11-09-http-nio-8880-exec-4-INFO -com.cg.cab.service.CabServiceImpl:<<Customer validation service>>
2019-11-09-http-nio-8880-exec-4-INFO -com.cg.cab.dao.CabDaoImpl:<<Customer validation >>
2019-11-09-http-nio-8880-exec-5-INFO -com.cg.cab.controller.CabController:================================================
2019-11-09-http-nio-8880-exec-5-INFO -com.cg.cab.controller.CabController:POST MAPPING REQUEST to VALIDATE Customer
2019-11-09-http-nio-8880-exec-5-INFO -com.cg.cab.service.CabServiceImpl:<<Customer validation service>>
2019-11-09-http-nio-8880-exec-5-INFO -com.cg.cab.dao.CabDaoImpl:<<Customer validation >>
2019-11-09-http-nio-8880-exec-7-INFO -com.cg.cab.controller.CabController:================================================
2019-11-09-http-nio-8880-exec-7-INFO -com.cg.cab.controller.CabController:POST MAPPING REQUEST to VALIDATE Customer
2019-11-09-http-nio-8880-exec-7-INFO -com.cg.cab.service.CabServiceImpl:<<Customer validation service>>
2019-11-09-http-nio-8880-exec-7-INFO -com.cg.cab.dao.CabDaoImpl:<<Customer validation >>
2019-11-09-http-nio-8880-exec-8-INFO -com.cg.cab.controller.CabController:================================================
2019-11-09-http-nio-8880-exec-8-INFO -com.cg.cab.controller.CabController:POST MAPPING REQUEST to VALIDATE Customer
2019-11-09-http-nio-8880-exec-8-INFO -com.cg.cab.service.CabServiceImpl:<<Customer validation service>>
2019-11-09-http-nio-8880-exec-8-INFO -com.cg.cab.dao.CabDaoImpl:<<Customer validation >>
2019-11-09-http-nio-8880-exec-10-INFO -com.cg.cab.controller.CabController:================================================
2019-11-09-http-nio-8880-exec-10-INFO -com.cg.cab.controller.CabController:POST MAPPING REQUEST to VALIDATE Customer
2019-11-09-http-nio-8880-exec-10-INFO -com.cg.cab.service.CabServiceImpl:<<Customer validation service>>
2019-11-09-http-nio-8880-exec-10-INFO -com.cg.cab.dao.CabDaoImpl:<<Customer validation >>
2019-11-09-http-nio-8880-exec-1-INFO -com.cg.cab.controller.CabController:================================================
2019-11-09-http-nio-8880-exec-1-INFO -com.cg.cab.controller.CabController:POST MAPPING REQUEST to VALIDATE Customer
2019-11-09-http-nio-8880-exec-1-INFO -com.cg.cab.service.CabServiceImpl:<<Customer validation service>>
2019-11-09-http-nio-8880-exec-1-INFO -com.cg.cab.dao.CabDaoImpl:<<Customer validation >>
2019-11-09-http-nio-8880-exec-2-INFO -com.cg.cab.controller.CabController:================================================
2019-11-09-http-nio-8880-exec-2-INFO -com.cg.cab.controller.CabController:POST MAPPING REQUEST to VALIDATE Customer
2019-11-09-http-nio-8880-exec-2-INFO -com.cg.cab.service.CabServiceImpl:<<Customer validation service>>
2019-11-09-http-nio-8880-exec-2-INFO -com.cg.cab.dao.CabDaoImpl:<<Customer validation >>
2019-11-09-http-nio-8880-exec-4-INFO -com.cg.cab.controller.CabController:================================================
2019-11-09-http-nio-8880-exec-4-INFO -com.cg.cab.controller.CabController:POST MAPPING REQUEST to VALIDATE Customer
2019-11-09-http-nio-8880-exec-4-INFO -com.cg.cab.service.CabServiceImpl:<<Customer validation service>>
2019-11-09-http-nio-8880-exec-4-INFO -com.cg.cab.dao.CabDaoImpl:<<Customer validation >>
2019-11-09-http-nio-8880-exec-5-INFO -com.cg.cab.controller.CabController:================================================
2019-11-09-http-nio-8880-exec-5-INFO -com.cg.cab.controller.CabController:POST MAPPING REQUEST to VALIDATE Customer
2019-11-09-http-nio-8880-exec-5-INFO -com.cg.cab.service.CabServiceImpl:<<Customer validation service>>
2019-11-09-http-nio-8880-exec-5-INFO -com.cg.cab.dao.CabDaoImpl:<<Customer validation >>
2019-11-09-http-nio-8880-exec-6-INFO -com.cg.cab.controller.CabController:================================================
2019-11-09-http-nio-8880-exec-6-INFO -com.cg.cab.controller.CabController:POST MAPPING REQUEST to VALIDATE Customer
2019-11-09-http-nio-8880-exec-6-INFO -com.cg.cab.service.CabServiceImpl:<<Customer validation service>>
2019-11-09-http-nio-8880-exec-6-INFO -com.cg.cab.dao.CabDaoImpl:<<Customer validation >>
2019-11-09-http-nio-8880-exec-9-INFO -com.cg.cab.controller.CabController:================================================
2019-11-09-http-nio-8880-exec-9-INFO -com.cg.cab.controller.CabController:POST MAPPING REQUEST to VALIDATE Customer
2019-11-09-http-nio-8880-exec-9-INFO -com.cg.cab.service.CabServiceImpl:<<Customer validation service>>
2019-11-09-http-nio-8880-exec-9-INFO -com.cg.cab.dao.CabDaoImpl:<<Customer validation >>
2019-11-09-http-nio-8880-exec-10-INFO -com.cg.cab.controller.CabController:================================================
2019-11-09-http-nio-8880-exec-10-INFO -com.cg.cab.controller.CabController:POST MAPPING REQUEST to VALIDATE Customer
2019-11-09-http-nio-8880-exec-10-INFO -com.cg.cab.service.CabServiceImpl:<<Customer validation service>>
2019-11-09-http-nio-8880-exec-10-INFO -com.cg.cab.dao.CabDaoImpl:<<Customer validation >>
2019-11-09-http-nio-8880-exec-1-INFO -com.cg.cab.controller.CabController:================================================
2019-11-09-http-nio-8880-exec-1-INFO -com.cg.cab.controller.CabController:POST MAPPING REQUEST to VALIDATE Customer
2019-11-09-http-nio-8880-exec-1-INFO -com.cg.cab.service.CabServiceImpl:<<Customer validation service>>
2019-11-09-http-nio-8880-exec-1-INFO -com.cg.cab.dao.CabDaoImpl:<<Customer validation >>
2019-11-09-http-nio-8880-exec-3-INFO -com.cg.cab.controller.CabController:================================================
2019-11-09-http-nio-8880-exec-3-INFO -com.cg.cab.controller.CabController:POST MAPPING REQUEST to VALIDATE Customer
2019-11-09-http-nio-8880-exec-3-INFO -com.cg.cab.service.CabServiceImpl:<<Customer validation service>>
2019-11-09-http-nio-8880-exec-3-INFO -com.cg.cab.dao.CabDaoImpl:<<Customer validation >>
2019-11-09-http-nio-8880-exec-2-INFO -com.cg.cab.controller.CabController:================================================
2019-11-09-http-nio-8880-exec-2-INFO -com.cg.cab.controller.CabController:POST MAPPING REQUEST to VALIDATE Customer
2019-11-09-http-nio-8880-exec-2-INFO -com.cg.cab.service.CabServiceImpl:<<Customer validation service>>
2019-11-09-http-nio-8880-exec-2-INFO -com.cg.cab.dao.CabDaoImpl:<<Customer validation >>
2019-11-09-http-nio-8880-exec-4-INFO -com.cg.cab.controller.CabController:================================================
2019-11-09-http-nio-8880-exec-4-INFO -com.cg.cab.controller.CabController:POST MAPPING REQUEST to VALIDATE Customer
2019-11-09-http-nio-8880-exec-4-INFO -com.cg.cab.service.CabServiceImpl:<<Customer validation service>>
2019-11-09-http-nio-8880-exec-4-INFO -com.cg.cab.dao.CabDaoImpl:<<Customer validation >>
2019-11-09-http-nio-8880-exec-5-INFO -com.cg.cab.controller.CabController:================================================
2019-11-09-http-nio-8880-exec-5-INFO -com.cg.cab.controller.CabController:POST MAPPING REQUEST to VALIDATE Customer
2019-11-09-http-nio-8880-exec-5-INFO -com.cg.cab.service.CabServiceImpl:<<Customer validation service>>
2019-11-09-http-nio-8880-exec-5-INFO -com.cg.cab.dao.CabDaoImpl:<<Customer validation >>
2019-11-09-http-nio-8880-exec-6-INFO -com.cg.cab.controller.CabController:================================================
2019-11-09-http-nio-8880-exec-6-INFO -com.cg.cab.controller.CabController:POST MAPPING REQUEST to VALIDATE Customer
2019-11-09-http-nio-8880-exec-6-INFO -com.cg.cab.service.CabServiceImpl:<<Customer validation service>>
2019-11-09-http-nio-8880-exec-6-INFO -com.cg.cab.dao.CabDaoImpl:<<Customer validation >>
2019-11-09-http-nio-8880-exec-7-INFO -com.cg.cab.controller.CabController:================================================
2019-11-09-http-nio-8880-exec-7-INFO -com.cg.cab.controller.CabController:POST MAPPING REQUEST to VALIDATE Customer
2019-11-09-http-nio-8880-exec-7-INFO -com.cg.cab.service.CabServiceImpl:<<Customer validation service>>
2019-11-09-http-nio-8880-exec-7-INFO -com.cg.cab.dao.CabDaoImpl:<<Customer validation >>
2019-11-09-http-nio-8880-exec-8-INFO -com.cg.cab.controller.CabController:================================================
2019-11-09-http-nio-8880-exec-8-INFO -com.cg.cab.controller.CabController:POST MAPPING REQUEST to VALIDATE Customer
2019-11-09-http-nio-8880-exec-8-INFO -com.cg.cab.service.CabServiceImpl:<<Customer validation service>>
2019-11-09-http-nio-8880-exec-8-INFO -com.cg.cab.dao.CabDaoImpl:<<Customer validation >>
2019-11-09-http-nio-8880-exec-9-INFO -com.cg.cab.controller.CabController:================================================
2019-11-09-http-nio-8880-exec-9-INFO -com.cg.cab.controller.CabController:POST MAPPING REQUEST to VALIDATE Customer
2019-11-09-http-nio-8880-exec-9-INFO -com.cg.cab.service.CabServiceImpl:<<Customer validation service>>
2019-11-09-http-nio-8880-exec-9-INFO -com.cg.cab.dao.CabDaoImpl:<<Customer validation >>
2019-11-09-http-nio-8880-exec-10-INFO -com.cg.cab.controller.CabController:================================================
2019-11-09-http-nio-8880-exec-10-INFO -com.cg.cab.controller.CabController:POST MAPPING REQUEST to VALIDATE Customer
2019-11-09-http-nio-8880-exec-10-INFO -com.cg.cab.service.CabServiceImpl:<<Customer validation service>>
2019-11-09-http-nio-8880-exec-10-INFO -com.cg.cab.dao.CabDaoImpl:<<Customer validation >>
2019-11-09-http-nio-8880-exec-2-INFO -com.cg.cab.controller.CabController:================================================
2019-11-09-http-nio-8880-exec-2-INFO -com.cg.cab.controller.CabController:POST MAPPING REQUEST to VALIDATE Customer
2019-11-09-http-nio-8880-exec-2-INFO -com.cg.cab.service.CabServiceImpl:<<Customer validation service>>
2019-11-09-http-nio-8880-exec-2-INFO -com.cg.cab.dao.CabDaoImpl:<<Customer validation >>
2019-11-09-http-nio-8880-exec-4-INFO -com.cg.cab.controller.CabController:================================================
2019-11-09-http-nio-8880-exec-4-INFO -com.cg.cab.controller.CabController:POST MAPPING REQUEST to VALIDATE Customer
2019-11-09-http-nio-8880-exec-4-INFO -com.cg.cab.service.CabServiceImpl:<<Customer validation service>>
2019-11-09-http-nio-8880-exec-4-INFO -com.cg.cab.dao.CabDaoImpl:<<Customer validation >>
2019-11-09-http-nio-8880-exec-5-INFO -com.cg.cab.controller.CabController:================================================
2019-11-09-http-nio-8880-exec-5-INFO -com.cg.cab.controller.CabController:POST MAPPING REQUEST to VALIDATE Customer
2019-11-09-http-nio-8880-exec-5-INFO -com.cg.cab.service.CabServiceImpl:<<Customer validation service>>
2019-11-09-http-nio-8880-exec-5-INFO -com.cg.cab.dao.CabDaoImpl:<<Customer validation >>
2019-11-09-http-nio-8880-exec-8-INFO -com.cg.cab.controller.CabController:================================================
2019-11-09-http-nio-8880-exec-8-INFO -com.cg.cab.controller.CabController:POST MAPPING REQUEST to VALIDATE Customer
2019-11-09-http-nio-8880-exec-8-INFO -com.cg.cab.service.CabServiceImpl:<<Customer validation service>>
2019-11-09-http-nio-8880-exec-8-INFO -com.cg.cab.dao.CabDaoImpl:<<Customer validation >>
2019-11-09-http-nio-8880-exec-7-INFO -com.cg.cab.controller.CabController:================================================
2019-11-09-http-nio-8880-exec-7-INFO -com.cg.cab.controller.CabController:POST MAPPING REQUEST to VALIDATE Customer
2019-11-09-http-nio-8880-exec-7-INFO -com.cg.cab.service.CabServiceImpl:<<Customer validation service>>
2019-11-09-http-nio-8880-exec-7-INFO -com.cg.cab.dao.CabDaoImpl:<<Customer validation >>
2019-11-09-http-nio-8880-exec-10-INFO -com.cg.cab.controller.CabController:================================================
2019-11-09-http-nio-8880-exec-10-INFO -com.cg.cab.controller.CabController:POST MAPPING REQUEST to VALIDATE Customer
2019-11-09-http-nio-8880-exec-10-INFO -com.cg.cab.service.CabServiceImpl:<<Customer validation service>>
2019-11-09-http-nio-8880-exec-10-INFO -com.cg.cab.dao.CabDaoImpl:<<Customer validation >>
2019-11-09-http-nio-8880-exec-1-INFO -com.cg.cab.controller.CabController:================================================
2019-11-09-http-nio-8880-exec-1-INFO -com.cg.cab.controller.CabController:POST MAPPING REQUEST to VALIDATE Customer
2019-11-09-http-nio-8880-exec-1-INFO -com.cg.cab.service.CabServiceImpl:<<Customer validation service>>
2019-11-09-http-nio-8880-exec-1-INFO -com.cg.cab.dao.CabDaoImpl:<<Customer validation >>
2019-11-09-http-nio-8880-exec-3-INFO -com.cg.cab.controller.CabController:================================================
2019-11-09-http-nio-8880-exec-3-INFO -com.cg.cab.controller.CabController:POST MAPPING REQUEST to VALIDATE Customer
2019-11-09-http-nio-8880-exec-3-INFO -com.cg.cab.service.CabServiceImpl:<<Customer validation service>>
2019-11-09-http-nio-8880-exec-3-INFO -com.cg.cab.dao.CabDaoImpl:<<Customer validation >>
2019-11-09-http-nio-8880-exec-2-INFO -com.cg.cab.controller.CabController:================================================
2019-11-09-http-nio-8880-exec-2-INFO -com.cg.cab.controller.CabController:POST MAPPING REQUEST to VALIDATE Customer
2019-11-09-http-nio-8880-exec-2-INFO -com.cg.cab.service.CabServiceImpl:<<Customer validation service>>
2019-11-09-http-nio-8880-exec-2-INFO -com.cg.cab.dao.CabDaoImpl:<<Customer validation >>
2019-11-09-http-nio-8880-exec-4-INFO -com.cg.cab.controller.CabController:================================================
2019-11-09-http-nio-8880-exec-4-INFO -com.cg.cab.controller.CabController:POST MAPPING REQUEST to VALIDATE Customer
2019-11-09-http-nio-8880-exec-4-INFO -com.cg.cab.service.CabServiceImpl:<<Customer validation service>>
2019-11-09-http-nio-8880-exec-4-INFO -com.cg.cab.dao.CabDaoImpl:<<Customer validation >>
2019-11-09-http-nio-8880-exec-5-INFO -com.cg.cab.controller.CabController:================================================
2019-11-09-http-nio-8880-exec-5-INFO -com.cg.cab.controller.CabController:POST MAPPING REQUEST to VALIDATE Customer
2019-11-09-http-nio-8880-exec-5-INFO -com.cg.cab.service.CabServiceImpl:<<Customer validation service>>
2019-11-09-http-nio-8880-exec-5-INFO -com.cg.cab.dao.CabDaoImpl:<<Customer validation >>
2019-11-09-http-nio-8880-exec-6-INFO -com.cg.cab.controller.CabController:================================================
2019-11-09-http-nio-8880-exec-6-INFO -com.cg.cab.controller.CabController:POST MAPPING REQUEST to VALIDATE Customer
2019-11-09-http-nio-8880-exec-6-INFO -com.cg.cab.service.CabServiceImpl:<<Customer validation service>>
2019-11-09-http-nio-8880-exec-6-INFO -com.cg.cab.dao.CabDaoImpl:<<Customer validation >>
2019-11-09-http-nio-8880-exec-8-INFO -com.cg.cab.controller.CabController:================================================
2019-11-09-http-nio-8880-exec-8-INFO -com.cg.cab.controller.CabController:POST MAPPING REQUEST to VALIDATE Customer
2019-11-09-http-nio-8880-exec-8-INFO -com.cg.cab.service.CabServiceImpl:<<Customer validation service>>
2019-11-09-http-nio-8880-exec-8-INFO -com.cg.cab.dao.CabDaoImpl:<<Customer validation >>
2019-11-09-http-nio-8880-exec-7-INFO -com.cg.cab.controller.CabController:================================================
2019-11-09-http-nio-8880-exec-7-INFO -com.cg.cab.controller.CabController:POST MAPPING REQUEST to VALIDATE Customer
2019-11-09-http-nio-8880-exec-7-INFO -com.cg.cab.service.CabServiceImpl:<<Customer validation service>>
2019-11-09-http-nio-8880-exec-7-INFO -com.cg.cab.dao.CabDaoImpl:<<Customer validation >>
2019-11-09-http-nio-8880-exec-9-INFO -com.cg.cab.controller.CabController:================================================
2019-11-09-http-nio-8880-exec-9-INFO -com.cg.cab.controller.CabController:POST MAPPING REQUEST to VALIDATE Customer
2019-11-09-http-nio-8880-exec-9-INFO -com.cg.cab.service.CabServiceImpl:<<Customer validation service>>
2019-11-09-http-nio-8880-exec-9-INFO -com.cg.cab.dao.CabDaoImpl:<<Customer validation >>
2019-11-09-http-nio-8880-exec-10-INFO -com.cg.cab.controller.CabController:================================================
2019-11-09-http-nio-8880-exec-10-INFO -com.cg.cab.controller.CabController:POST MAPPING REQUEST to VALIDATE Customer
2019-11-09-http-nio-8880-exec-10-INFO -com.cg.cab.service.CabServiceImpl:<<Customer validation service>>
2019-11-09-http-nio-8880-exec-10-INFO -com.cg.cab.dao.CabDaoImpl:<<Customer validation >>
2019-11-09-http-nio-8880-exec-1-INFO -com.cg.cab.controller.CabController:================================================
2019-11-09-http-nio-8880-exec-1-INFO -com.cg.cab.controller.CabController:POST MAPPING REQUEST to VALIDATE Customer
2019-11-09-http-nio-8880-exec-1-INFO -com.cg.cab.service.CabServiceImpl:<<Customer validation service>>
2019-11-09-http-nio-8880-exec-1-INFO -com.cg.cab.dao.CabDaoImpl:<<Customer validation >>
2019-11-09-http-nio-8880-exec-3-INFO -com.cg.cab.controller.CabController:================================================
2019-11-09-http-nio-8880-exec-3-INFO -com.cg.cab.controller.CabController:POST MAPPING REQUEST to VALIDATE Customer
2019-11-09-http-nio-8880-exec-3-INFO -com.cg.cab.service.CabServiceImpl:<<Customer validation service>>
2019-11-09-http-nio-8880-exec-3-INFO -com.cg.cab.dao.CabDaoImpl:<<Customer validation >>
2019-11-09-http-nio-8880-exec-2-INFO -com.cg.cab.controller.CabController:================================================
2019-11-09-http-nio-8880-exec-2-INFO -com.cg.cab.controller.CabController:POST MAPPING REQUEST to VALIDATE Customer
2019-11-09-http-nio-8880-exec-2-INFO -com.cg.cab.service.CabServiceImpl:<<Customer validation service>>
2019-11-09-http-nio-8880-exec-2-INFO -com.cg.cab.dao.CabDaoImpl:<<Customer validation >>
2019-11-09-http-nio-8880-exec-4-INFO -com.cg.cab.controller.CabController:================================================
2019-11-09-http-nio-8880-exec-4-INFO -com.cg.cab.controller.CabController:POST MAPPING REQUEST to VALIDATE Customer
2019-11-09-http-nio-8880-exec-4-INFO -com.cg.cab.service.CabServiceImpl:<<Customer validation service>>
2019-11-09-http-nio-8880-exec-4-INFO -com.cg.cab.dao.CabDaoImpl:<<Customer validation >>
2019-11-09-http-nio-8880-exec-5-INFO -com.cg.cab.controller.CabController:================================================
2019-11-09-http-nio-8880-exec-5-INFO -com.cg.cab.controller.CabController:POST MAPPING REQUEST to VALIDATE Customer
2019-11-09-http-nio-8880-exec-5-INFO -com.cg.cab.service.CabServiceImpl:<<Customer validation service>>
2019-11-09-http-nio-8880-exec-5-INFO -com.cg.cab.dao.CabDaoImpl:<<Customer validation >>
2019-11-09-http-nio-8880-exec-6-INFO -com.cg.cab.controller.CabController:================================================
2019-11-09-http-nio-8880-exec-6-INFO -com.cg.cab.controller.CabController:POST MAPPING REQUEST to VALIDATE Customer
2019-11-09-http-nio-8880-exec-6-INFO -com.cg.cab.service.CabServiceImpl:<<Customer validation service>>
2019-11-09-http-nio-8880-exec-6-INFO -com.cg.cab.dao.CabDaoImpl:<<Customer validation >>
2019-11-09-http-nio-8880-exec-8-INFO -com.cg.cab.controller.CabController:================================================
2019-11-09-http-nio-8880-exec-8-INFO -com.cg.cab.controller.CabController:POST MAPPING REQUEST to VALIDATE Customer
2019-11-09-http-nio-8880-exec-8-INFO -com.cg.cab.service.CabServiceImpl:<<Customer validation service>>
2019-11-09-http-nio-8880-exec-8-INFO -com.cg.cab.dao.CabDaoImpl:<<Customer validation >>
2019-11-09-http-nio-8880-exec-7-INFO -com.cg.cab.controller.CabController:================================================
2019-11-09-http-nio-8880-exec-7-INFO -com.cg.cab.controller.CabController:POST MAPPING REQUEST to VALIDATE Customer
2019-11-09-http-nio-8880-exec-7-INFO -com.cg.cab.service.CabServiceImpl:<<Customer validation service>>
2019-11-09-http-nio-8880-exec-7-INFO -com.cg.cab.dao.CabDaoImpl:<<Customer validation >>
2019-11-09-http-nio-8880-exec-9-INFO -com.cg.cab.controller.CabController:================================================
2019-11-09-http-nio-8880-exec-9-INFO -com.cg.cab.controller.CabController:POST MAPPING REQUEST to VALIDATE Customer
2019-11-09-http-nio-8880-exec-9-INFO -com.cg.cab.service.CabServiceImpl:<<Customer validation service>>
2019-11-09-http-nio-8880-exec-9-INFO -com.cg.cab.dao.CabDaoImpl:<<Customer validation >>
2019-11-09-http-nio-8880-exec-10-INFO -com.cg.cab.controller.CabController:================================================
2019-11-09-http-nio-8880-exec-10-INFO -com.cg.cab.controller.CabController:POST MAPPING REQUEST to VALIDATE Customer
2019-11-09-http-nio-8880-exec-10-INFO -com.cg.cab.service.CabServiceImpl:<<Customer validation service>>
2019-11-09-http-nio-8880-exec-10-INFO -com.cg.cab.dao.CabDaoImpl:<<Customer validation >>
2019-11-09-http-nio-8880-exec-1-INFO -com.cg.cab.controller.CabController:================================================
2019-11-09-http-nio-8880-exec-1-INFO -com.cg.cab.controller.CabController:POST MAPPING REQUEST to VALIDATE Customer
2019-11-09-http-nio-8880-exec-1-INFO -com.cg.cab.service.CabServiceImpl:<<Customer validation service>>
2019-11-09-http-nio-8880-exec-1-INFO -com.cg.cab.dao.CabDaoImpl:<<Customer validation >>
2019-11-09-http-nio-8880-exec-3-INFO -com.cg.cab.controller.CabController:================================================
2019-11-09-http-nio-8880-exec-3-INFO -com.cg.cab.controller.CabController:POST MAPPING REQUEST to VALIDATE Customer
2019-11-09-http-nio-8880-exec-3-INFO -com.cg.cab.service.CabServiceImpl:<<Customer validation service>>
2019-11-09-http-nio-8880-exec-3-INFO -com.cg.cab.dao.CabDaoImpl:<<Customer validation >>
2019-11-09-http-nio-8880-exec-2-INFO -com.cg.cab.controller.CabController:================================================
2019-11-09-http-nio-8880-exec-2-INFO -com.cg.cab.controller.CabController:POST MAPPING REQUEST to VALIDATE Customer
2019-11-09-http-nio-8880-exec-2-INFO -com.cg.cab.service.CabServiceImpl:<<Customer validation service>>
2019-11-09-http-nio-8880-exec-2-INFO -com.cg.cab.dao.CabDaoImpl:<<Customer validation >>
2019-11-09-http-nio-8880-exec-5-INFO -com.cg.cab.controller.CabController:================================================
2019-11-09-http-nio-8880-exec-5-INFO -com.cg.cab.controller.CabController:POST MAPPING REQUEST to VALIDATE Customer
2019-11-09-http-nio-8880-exec-5-INFO -com.cg.cab.service.CabServiceImpl:<<Customer validation service>>
2019-11-09-http-nio-8880-exec-5-INFO -com.cg.cab.dao.CabDaoImpl:<<Customer validation >>
2019-11-09-http-nio-8880-exec-6-INFO -com.cg.cab.controller.CabController:================================================
2019-11-09-http-nio-8880-exec-6-INFO -com.cg.cab.controller.CabController:POST MAPPING REQUEST to VALIDATE Customer
2019-11-09-http-nio-8880-exec-6-INFO -com.cg.cab.service.CabServiceImpl:<<Customer validation service>>
2019-11-09-http-nio-8880-exec-6-INFO -com.cg.cab.dao.CabDaoImpl:<<Customer validation >>
2019-11-09-http-nio-8880-exec-7-INFO -com.cg.cab.controller.CabController:================================================
2019-11-09-http-nio-8880-exec-7-INFO -com.cg.cab.controller.CabController:POST MAPPING REQUEST to VALIDATE Customer
2019-11-09-http-nio-8880-exec-7-INFO -com.cg.cab.service.CabServiceImpl:<<Customer validation service>>
2019-11-09-http-nio-8880-exec-7-INFO -com.cg.cab.dao.CabDaoImpl:<<Customer validation >>
2019-11-09-http-nio-8880-exec-9-INFO -com.cg.cab.controller.CabController:================================================
2019-11-09-http-nio-8880-exec-9-INFO -com.cg.cab.controller.CabController:POST MAPPING REQUEST to VALIDATE Customer
2019-11-09-http-nio-8880-exec-9-INFO -com.cg.cab.service.CabServiceImpl:<<Customer validation service>>
2019-11-09-http-nio-8880-exec-9-INFO -com.cg.cab.dao.CabDaoImpl:<<Customer validation >>
2019-11-10-http-nio-8880-exec-1-INFO -com.cg.cab.controller.CabController:================================================
2019-11-10-http-nio-8880-exec-1-INFO -com.cg.cab.controller.CabController:POST MAPPING REQUEST for SIGN-UP Customer
2019-11-10-http-nio-8880-exec-1-INFO -com.cg.cab.service.CabServiceImpl:<<Sign-up of new Customer service>>
2019-11-10-http-nio-8880-exec-1-INFO -com.cg.cab.dao.CabDaoImpl:<<Sign-up of new Customer dao>>
2019-11-10-http-nio-8880-exec-1-INFO -com.cg.cab.dao.CabDaoImpl:Setting wallet value as 1000
2019-11-10-http-nio-8880-exec-1-INFO -com.cg.cab.dao.CabDaoImpl:Customer Persisted
2019-11-10-http-nio-8880-exec-3-INFO -com.cg.cab.controller.CabController:================================================
2019-11-10-http-nio-8880-exec-3-INFO -com.cg.cab.controller.CabController:POST MAPPING REQUEST for SIGN-UP Customer
2019-11-10-http-nio-8880-exec-3-INFO -com.cg.cab.service.CabServiceImpl:<<Sign-up of new Customer service>>
2019-11-10-http-nio-8880-exec-3-INFO -com.cg.cab.dao.CabDaoImpl:<<Sign-up of new Customer dao>>
2019-11-10-http-nio-8880-exec-3-INFO -com.cg.cab.dao.CabDaoImpl:Setting wallet value as 1000
2019-11-10-http-nio-8880-exec-3-INFO -com.cg.cab.dao.CabDaoImpl:Customer Persisted
2019-11-10-http-nio-8880-exec-4-INFO -com.cg.cab.controller.CabController:================================================
2019-11-10-http-nio-8880-exec-4-INFO -com.cg.cab.controller.CabController:POST MAPPING REQUEST for SIGN-UP Customer
2019-11-10-http-nio-8880-exec-4-INFO -com.cg.cab.service.CabServiceImpl:<<Sign-up of new Customer service>>
2019-11-10-http-nio-8880-exec-4-INFO -com.cg.cab.dao.CabDaoImpl:<<Sign-up of new Customer dao>>
2019-11-10-http-nio-8880-exec-4-INFO -com.cg.cab.dao.CabDaoImpl:Setting wallet value as 1000
2019-11-10-http-nio-8880-exec-4-INFO -com.cg.cab.dao.CabDaoImpl:Customer Persisted
2019-11-10-http-nio-8880-exec-7-INFO -com.cg.cab.controller.CabController:================================================
2019-11-10-http-nio-8880-exec-7-INFO -com.cg.cab.controller.CabController:POST MAPPING REQUEST for SIGN-UP Customer
2019-11-10-http-nio-8880-exec-7-INFO -com.cg.cab.service.CabServiceImpl:<<Sign-up of new Customer service>>
2019-11-10-http-nio-8880-exec-7-INFO -com.cg.cab.dao.CabDaoImpl:<<Sign-up of new Customer dao>>
2019-11-10-http-nio-8880-exec-7-INFO -com.cg.cab.dao.CabDaoImpl:Setting wallet value as 1000
2019-11-10-http-nio-8880-exec-7-INFO -com.cg.cab.dao.CabDaoImpl:Customer Persisted
2019-11-10-http-nio-8880-exec-9-INFO -com.cg.cab.controller.CabController:================================================
2019-11-10-http-nio-8880-exec-9-INFO -com.cg.cab.controller.CabController:POST MAPPING REQUEST to VALIDATE Customer
2019-11-10-http-nio-8880-exec-9-INFO -com.cg.cab.service.CabServiceImpl:<<Customer validation service>>
2019-11-10-http-nio-8880-exec-9-INFO -com.cg.cab.dao.CabDaoImpl:<<Customer validation >>
2019-11-10-http-nio-8880-exec-1-INFO -com.cg.cab.controller.CabController:================================================
2019-11-10-http-nio-8880-exec-1-INFO -com.cg.cab.controller.CabController:POST MAPPING REQUEST to VALIDATE Customer
2019-11-10-http-nio-8880-exec-1-INFO -com.cg.cab.service.CabServiceImpl:<<Customer validation service>>
2019-11-10-http-nio-8880-exec-1-INFO -com.cg.cab.dao.CabDaoImpl:<<Customer validation >>
2019-11-10-http-nio-8880-exec-3-INFO -com.cg.cab.controller.CabController:================================================
2019-11-10-http-nio-8880-exec-3-INFO -com.cg.cab.controller.CabController:POST MAPPING REQUEST to VALIDATE Customer
2019-11-10-http-nio-8880-exec-3-INFO -com.cg.cab.service.CabServiceImpl:<<Customer validation service>>
2019-11-10-http-nio-8880-exec-3-INFO -com.cg.cab.dao.CabDaoImpl:<<Customer validation >>
2019-11-10-http-nio-8880-exec-4-INFO -com.cg.cab.controller.CabController:================================================
2019-11-10-http-nio-8880-exec-4-INFO -com.cg.cab.controller.CabController:POST MAPPING REQUEST for SIGN-UP Driver
2019-11-10-http-nio-8880-exec-4-INFO -com.cg.cab.service.CabServiceImpl:<<Sign-up of new Driver service>>
2019-11-10-http-nio-8880-exec-4-INFO -com.cg.cab.dao.CabDaoImpl:<<Sign-up of new Driver>>
2019-11-10-http-nio-8880-exec-4-INFO -com.cg.cab.dao.CabDaoImpl:Driver Persisted
2019-11-10-http-nio-8880-exec-7-INFO -com.cg.cab.controller.CabController:================================================
2019-11-10-http-nio-8880-exec-7-INFO -com.cg.cab.controller.CabController:POST MAPPING REQUEST for SIGN-UP Driver
2019-11-10-http-nio-8880-exec-7-INFO -com.cg.cab.service.CabServiceImpl:<<Sign-up of new Driver service>>
2019-11-10-http-nio-8880-exec-7-INFO -com.cg.cab.dao.CabDaoImpl:<<Sign-up of new Driver>>
2019-11-10-http-nio-8880-exec-7-INFO -com.cg.cab.dao.CabDaoImpl:Driver Persisted
2019-11-10-http-nio-8880-exec-2-INFO -com.cg.cab.controller.CabController:================================================
2019-11-10-http-nio-8880-exec-2-INFO -com.cg.cab.controller.CabController:POST MAPPING REQUEST for SIGN-UP Driver
2019-11-10-http-nio-8880-exec-2-INFO -com.cg.cab.service.CabServiceImpl:<<Sign-up of new Driver service>>
2019-11-10-http-nio-8880-exec-2-INFO -com.cg.cab.dao.CabDaoImpl:<<Sign-up of new Driver>>
2019-11-10-http-nio-8880-exec-2-INFO -com.cg.cab.dao.CabDaoImpl:Driver Persisted
2019-11-10-http-nio-8880-exec-5-INFO -com.cg.cab.controller.CabController:================================================
2019-11-10-http-nio-8880-exec-5-INFO -com.cg.cab.controller.CabController:POST MAPPING REQUEST to VALIDATE Driver
2019-11-10-http-nio-8880-exec-5-INFO -com.cg.cab.service.CabServiceImpl:<<Driver validation service>>
2019-11-10-http-nio-8880-exec-5-INFO -com.cg.cab.dao.CabDaoImpl:<<Driver validation >>
2019-11-10-http-nio-8880-exec-5-INFO -com.cg.cab.dao.CabDaoImpl:Driver found
2019-11-10-http-nio-8880-exec-3-INFO -com.cg.cab.controller.CabController:================================================
2019-11-10-http-nio-8880-exec-3-INFO -com.cg.cab.controller.CabController:POST MAPPING REQUEST for SIGN-UP Driver
2019-11-10-http-nio-8880-exec-3-INFO -com.cg.cab.service.CabServiceImpl:<<Sign-up of new Driver service>>
2019-11-10-http-nio-8880-exec-3-INFO -com.cg.cab.dao.CabDaoImpl:<<Sign-up of new Driver>>
2019-11-10-http-nio-8880-exec-3-INFO -com.cg.cab.dao.CabDaoImpl:Driver Persisted
2019-11-10-http-nio-8880-exec-7-INFO -com.cg.cab.controller.CabController:================================================
2019-11-10-http-nio-8880-exec-7-INFO -com.cg.cab.controller.CabController:POST MAPPING REQUEST for SIGN-UP Customer
2019-11-10-http-nio-8880-exec-7-INFO -com.cg.cab.service.CabServiceImpl:<<Sign-up of new Customer service>>
2019-11-10-http-nio-8880-exec-7-INFO -com.cg.cab.dao.CabDaoImpl:<<Sign-up of new Customer dao>>
2019-11-10-http-nio-8880-exec-7-INFO -com.cg.cab.dao.CabDaoImpl:Setting wallet value as 1000
2019-11-10-http-nio-8880-exec-7-INFO -com.cg.cab.dao.CabDaoImpl:Customer Persisted
2019-11-10-http-nio-8880-exec-9-INFO -com.cg.cab.controller.CabController:================================================
2019-11-10-http-nio-8880-exec-9-INFO -com.cg.cab.controller.CabController:POST MAPPING REQUEST to VALIDATE Customer
2019-11-10-http-nio-8880-exec-9-INFO -com.cg.cab.service.CabServiceImpl:<<Customer validation service>>
2019-11-10-http-nio-8880-exec-9-INFO -com.cg.cab.dao.CabDaoImpl:<<Customer validation >>
2019-11-10-http-nio-8880-exec-5-INFO -com.cg.cab.controller.CabController:================================================
2019-11-10-http-nio-8880-exec-5-INFO -com.cg.cab.controller.CabController:POST MAPPING REQUEST for SIGN-UP Driver
2019-11-10-http-nio-8880-exec-5-INFO -com.cg.cab.service.CabServiceImpl:<<Sign-up of new Driver service>>
2019-11-10-http-nio-8880-exec-5-INFO -com.cg.cab.dao.CabDaoImpl:<<Sign-up of new Driver>>
2019-11-10-http-nio-8880-exec-5-INFO -com.cg.cab.dao.CabDaoImpl:Driver Persisted
2019-11-10-http-nio-8880-exec-3-INFO -com.cg.cab.controller.CabController:================================================
2019-11-10-http-nio-8880-exec-3-INFO -com.cg.cab.controller.CabController:POST MAPPING REQUEST for SIGN-UP Driver
2019-11-10-http-nio-8880-exec-3-INFO -com.cg.cab.service.CabServiceImpl:<<Sign-up of new Driver service>>
2019-11-10-http-nio-8880-exec-3-INFO -com.cg.cab.dao.CabDaoImpl:<<Sign-up of new Driver>>
2019-11-10-http-nio-8880-exec-3-INFO -com.cg.cab.dao.CabDaoImpl:Driver Persisted
2019-11-10-http-nio-8880-exec-1-INFO -com.cg.cab.controller.CabController:================================================
2019-11-10-http-nio-8880-exec-1-INFO -com.cg.cab.controller.CabController:POST MAPPING REQUEST for SIGN-UP Driver
2019-11-10-http-nio-8880-exec-1-INFO -com.cg.cab.service.CabServiceImpl:<<Sign-up of new Driver service>>
2019-11-10-http-nio-8880-exec-1-INFO -com.cg.cab.dao.CabDaoImpl:<<Sign-up of new Driver>>
2019-11-10-http-nio-8880-exec-1-INFO -com.cg.cab.dao.CabDaoImpl:Driver Persisted
2019-11-10-http-nio-8880-exec-4-INFO -com.cg.cab.controller.CabController:================================================
2019-11-10-http-nio-8880-exec-4-INFO -com.cg.cab.controller.CabController:POST MAPPING REQUEST for SIGN-UP Driver
2019-11-10-http-nio-8880-exec-4-INFO -com.cg.cab.service.CabServiceImpl:<<Sign-up of new Driver service>>
2019-11-10-http-nio-8880-exec-4-INFO -com.cg.cab.dao.CabDaoImpl:<<Sign-up of new Driver>>
2019-11-10-http-nio-8880-exec-4-INFO -com.cg.cab.dao.CabDaoImpl:Driver Persisted
2019-11-10-http-nio-8880-exec-3-INFO -com.cg.cab.controller.CabController:================================================
2019-11-10-http-nio-8880-exec-3-INFO -com.cg.cab.controller.CabController:POST MAPPING REQUEST for SIGN-UP Driver
2019-11-10-http-nio-8880-exec-3-INFO -com.cg.cab.service.CabServiceImpl:<<Sign-up of new Driver service>>
2019-11-10-http-nio-8880-exec-3-INFO -com.cg.cab.dao.CabDaoImpl:<<Sign-up of new Driver>>
2019-11-10-http-nio-8880-exec-3-INFO -com.cg.cab.dao.CabDaoImpl:Driver Persisted
2019-11-10-http-nio-8880-exec-7-INFO -com.cg.cab.controller.CabController:================================================
2019-11-10-http-nio-8880-exec-7-INFO -com.cg.cab.controller.CabController:POST MAPPING REQUEST for SIGN-UP Driver
2019-11-10-http-nio-8880-exec-7-INFO -com.cg.cab.service.CabServiceImpl:<<Sign-up of new Driver service>>
2019-11-10-http-nio-8880-exec-7-INFO -com.cg.cab.dao.CabDaoImpl:<<Sign-up of new Driver>>
2019-11-10-http-nio-8880-exec-7-INFO -com.cg.cab.dao.CabDaoImpl:Driver Persisted
2019-11-10-http-nio-8880-exec-5-INFO -com.cg.cab.controller.CabController:================================================
2019-11-10-http-nio-8880-exec-5-INFO -com.cg.cab.controller.CabController:POST MAPPING REQUEST for SIGN-UP Driver
2019-11-10-http-nio-8880-exec-5-INFO -com.cg.cab.service.CabServiceImpl:<<Sign-up of new Driver service>>
2019-11-10-http-nio-8880-exec-5-INFO -com.cg.cab.dao.CabDaoImpl:<<Sign-up of new Driver>>
2019-11-10-http-nio-8880-exec-5-INFO -com.cg.cab.dao.CabDaoImpl:Driver Persisted
2019-11-10-http-nio-8880-exec-10-INFO -com.cg.cab.controller.CabController:================================================
2019-11-10-http-nio-8880-exec-10-INFO -com.cg.cab.controller.CabController:POST MAPPING REQUEST for SIGN-UP Driver
2019-11-10-http-nio-8880-exec-10-INFO -com.cg.cab.service.CabServiceImpl:<<Sign-up of new Driver service>>
2019-11-10-http-nio-8880-exec-10-INFO -com.cg.cab.dao.CabDaoImpl:<<Sign-up of new Driver>>
2019-11-10-http-nio-8880-exec-10-INFO -com.cg.cab.dao.CabDaoImpl:Driver Persisted
2019-11-10-http-nio-8880-exec-4-INFO -com.cg.cab.controller.CabController:================================================
2019-11-10-http-nio-8880-exec-4-INFO -com.cg.cab.controller.CabController:POST MAPPING REQUEST for SIGN-UP Driver
2019-11-10-http-nio-8880-exec-4-INFO -com.cg.cab.service.CabServiceImpl:<<Sign-up of new Driver service>>
2019-11-10-http-nio-8880-exec-4-INFO -com.cg.cab.dao.CabDaoImpl:<<Sign-up of new Driver>>
2019-11-10-http-nio-8880-exec-4-INFO -com.cg.cab.dao.CabDaoImpl:Driver Persisted
2019-11-10-http-nio-8880-exec-6-INFO -com.cg.cab.controller.CabController:================================================
2019-11-10-http-nio-8880-exec-6-INFO -com.cg.cab.controller.CabController:POST MAPPING REQUEST to VALIDATE Driver
2019-11-10-http-nio-8880-exec-6-INFO -com.cg.cab.service.CabServiceImpl:<<Driver validation service>>
2019-11-10-http-nio-8880-exec-6-INFO -com.cg.cab.dao.CabDaoImpl:<<Driver validation >>
2019-11-10-http-nio-8880-exec-6-ERROR-com.cg.cab.dao.CabDaoImpl:Driver not found
2019-11-10-http-nio-8880-exec-8-INFO -com.cg.cab.controller.CabController:================================================
2019-11-10-http-nio-8880-exec-8-INFO -com.cg.cab.controller.CabController:POST MAPPING REQUEST to VALIDATE Driver
2019-11-10-http-nio-8880-exec-8-INFO -com.cg.cab.service.CabServiceImpl:<<Driver validation service>>
2019-11-10-http-nio-8880-exec-8-INFO -com.cg.cab.dao.CabDaoImpl:<<Driver validation >>
2019-11-10-http-nio-8880-exec-8-ERROR-com.cg.cab.dao.CabDaoImpl:Driver not found
2019-11-10-http-nio-8880-exec-10-INFO -com.cg.cab.controller.CabController:================================================
2019-11-10-http-nio-8880-exec-10-INFO -com.cg.cab.controller.CabController:POST MAPPING REQUEST to VALIDATE Driver
2019-11-10-http-nio-8880-exec-10-INFO -com.cg.cab.service.CabServiceImpl:<<Driver validation service>>
2019-11-10-http-nio-8880-exec-10-INFO -com.cg.cab.dao.CabDaoImpl:<<Driver validation >>
2019-11-10-http-nio-8880-exec-10-ERROR-com.cg.cab.dao.CabDaoImpl:Driver not found
2019-11-10-http-nio-8880-exec-1-INFO -com.cg.cab.controller.CabController:================================================
2019-11-10-http-nio-8880-exec-1-INFO -com.cg.cab.controller.CabController:POST MAPPING REQUEST to VALIDATE Driver
2019-11-10-http-nio-8880-exec-1-INFO -com.cg.cab.service.CabServiceImpl:<<Driver validation service>>
2019-11-10-http-nio-8880-exec-1-INFO -com.cg.cab.dao.CabDaoImpl:<<Driver validation >>
2019-11-10-http-nio-8880-exec-1-ERROR-com.cg.cab.dao.CabDaoImpl:Driver not found
2019-11-10-http-nio-8880-exec-3-INFO -com.cg.cab.controller.CabController:================================================
2019-11-10-http-nio-8880-exec-3-INFO -com.cg.cab.controller.CabController:POST MAPPING REQUEST to VALIDATE Driver
2019-11-10-http-nio-8880-exec-3-INFO -com.cg.cab.service.CabServiceImpl:<<Driver validation service>>
2019-11-10-http-nio-8880-exec-3-INFO -com.cg.cab.dao.CabDaoImpl:<<Driver validation >>
2019-11-10-http-nio-8880-exec-3-ERROR-com.cg.cab.dao.CabDaoImpl:Driver not found
2019-11-10-http-nio-8880-exec-2-INFO -com.cg.cab.controller.CabController:================================================
2019-11-10-http-nio-8880-exec-2-INFO -com.cg.cab.controller.CabController:POST MAPPING REQUEST to VALIDATE Customer
2019-11-10-http-nio-8880-exec-2-INFO -com.cg.cab.service.CabServiceImpl:<<Customer validation service>>
2019-11-10-http-nio-8880-exec-2-INFO -com.cg.cab.dao.CabDaoImpl:<<Customer validation >>
2019-11-10-http-nio-8880-exec-6-INFO -com.cg.cab.controller.CabController:================================================
2019-11-10-http-nio-8880-exec-6-INFO -com.cg.cab.controller.CabController:POST MAPPING REQUEST to VALIDATE Customer
2019-11-10-http-nio-8880-exec-6-INFO -com.cg.cab.service.CabServiceImpl:<<Customer validation service>>
2019-11-10-http-nio-8880-exec-6-INFO -com.cg.cab.dao.CabDaoImpl:<<Customer validation >>
2019-11-10-http-nio-8880-exec-6-ERROR-com.cg.cab.dao.CabDaoImpl:Customer not found
2019-11-10-http-nio-8880-exec-8-INFO -com.cg.cab.controller.CabController:================================================
2019-11-10-http-nio-8880-exec-8-INFO -com.cg.cab.controller.CabController:POST MAPPING REQUEST to VALIDATE Driver
2019-11-10-http-nio-8880-exec-8-INFO -com.cg.cab.service.CabServiceImpl:<<Driver validation service>>
2019-11-10-http-nio-8880-exec-8-INFO -com.cg.cab.dao.CabDaoImpl:<<Driver validation >>
2019-11-10-http-nio-8880-exec-8-ERROR-com.cg.cab.dao.CabDaoImpl:Driver not found
2019-11-10-http-nio-8880-exec-1-INFO -com.cg.cab.controller.CabController:================================================
2019-11-10-http-nio-8880-exec-1-INFO -com.cg.cab.controller.CabController:POST MAPPING REQUEST to VALIDATE Customer
2019-11-10-http-nio-8880-exec-1-INFO -com.cg.cab.service.CabServiceImpl:<<Customer validation service>>
2019-11-10-http-nio-8880-exec-1-INFO -com.cg.cab.dao.CabDaoImpl:<<Customer validation >>
2019-11-10-http-nio-8880-exec-2-INFO -com.cg.cab.controller.CabController:================================================
2019-11-10-http-nio-8880-exec-2-INFO -com.cg.cab.controller.CabController:POST MAPPING REQUEST to VALIDATE Customer
2019-11-10-http-nio-8880-exec-2-INFO -com.cg.cab.service.CabServiceImpl:<<Customer validation service>>
2019-11-10-http-nio-8880-exec-2-INFO -com.cg.cab.dao.CabDaoImpl:<<Customer validation >>
2019-11-10-http-nio-8880-exec-5-INFO -com.cg.cab.controller.CabController:================================================
2019-11-10-http-nio-8880-exec-5-INFO -com.cg.cab.controller.CabController:POST MAPPING REQUEST to VALIDATE Customer
2019-11-10-http-nio-8880-exec-5-INFO -com.cg.cab.service.CabServiceImpl:<<Customer validation service>>
2019-11-10-http-nio-8880-exec-5-INFO -com.cg.cab.dao.CabDaoImpl:<<Customer validation >>
2019-11-10-http-nio-8880-exec-4-INFO -com.cg.cab.controller.CabController:================================================
2019-11-10-http-nio-8880-exec-4-INFO -com.cg.cab.controller.CabController:POST MAPPING REQUEST to VALIDATE Customer
2019-11-10-http-nio-8880-exec-4-INFO -com.cg.cab.service.CabServiceImpl:<<Customer validation service>>
2019-11-10-http-nio-8880-exec-4-INFO -com.cg.cab.dao.CabDaoImpl:<<Customer validation >>
2019-11-10-http-nio-8880-exec-8-INFO -com.cg.cab.controller.CabController:================================================
2019-11-10-http-nio-8880-exec-8-INFO -com.cg.cab.controller.CabController:POST MAPPING REQUEST to VALIDATE Customer
2019-11-10-http-nio-8880-exec-8-INFO -com.cg.cab.service.CabServiceImpl:<<Customer validation service>>
2019-11-10-http-nio-8880-exec-8-INFO -com.cg.cab.dao.CabDaoImpl:<<Customer validation >>
2019-11-10-http-nio-8880-exec-9-INFO -com.cg.cab.controller.CabController:================================================
2019-11-10-http-nio-8880-exec-9-INFO -com.cg.cab.controller.CabController:POST MAPPING REQUEST to VALIDATE Customer
2019-11-10-http-nio-8880-exec-9-INFO -com.cg.cab.service.CabServiceImpl:<<Customer validation service>>
2019-11-10-http-nio-8880-exec-9-INFO -com.cg.cab.dao.CabDaoImpl:<<Customer validation >>
2019-11-10-http-nio-8880-exec-7-INFO -com.cg.cab.controller.CabController:================================================
2019-11-10-http-nio-8880-exec-7-INFO -com.cg.cab.controller.CabController:POST MAPPING REQUEST to VALIDATE Customer
2019-11-10-http-nio-8880-exec-7-INFO -com.cg.cab.service.CabServiceImpl:<<Customer validation service>>
2019-11-10-http-nio-8880-exec-7-INFO -com.cg.cab.dao.CabDaoImpl:<<Customer validation >>
2019-11-10-http-nio-8880-exec-6-INFO -com.cg.cab.controller.CabController:================================================
2019-11-10-http-nio-8880-exec-6-INFO -com.cg.cab.controller.CabController:POST MAPPING REQUEST to VALIDATE Customer
2019-11-10-http-nio-8880-exec-6-INFO -com.cg.cab.service.CabServiceImpl:<<Customer validation service>>
2019-11-10-http-nio-8880-exec-6-INFO -com.cg.cab.dao.CabDaoImpl:<<Customer validation >>
2019-11-10-http-nio-8880-exec-10-INFO -com.cg.cab.controller.CabController:================================================
2019-11-10-http-nio-8880-exec-10-INFO -com.cg.cab.controller.CabController:POST MAPPING REQUEST to VALIDATE Customer
2019-11-10-http-nio-8880-exec-10-INFO -com.cg.cab.service.CabServiceImpl:<<Customer validation service>>
2019-11-10-http-nio-8880-exec-10-INFO -com.cg.cab.dao.CabDaoImpl:<<Customer validation >>
2019-11-10-http-nio-8880-exec-1-INFO -com.cg.cab.controller.CabController:================================================
2019-11-10-http-nio-8880-exec-1-INFO -com.cg.cab.controller.CabController:POST MAPPING REQUEST to VALIDATE Customer
2019-11-10-http-nio-8880-exec-1-INFO -com.cg.cab.service.CabServiceImpl:<<Customer validation service>>
2019-11-10-http-nio-8880-exec-1-INFO -com.cg.cab.dao.CabDaoImpl:<<Customer validation >>
2019-11-10-http-nio-8880-exec-2-INFO -com.cg.cab.controller.CabController:================================================
2019-11-10-http-nio-8880-exec-2-INFO -com.cg.cab.controller.CabController:POST MAPPING REQUEST to VALIDATE Customer
2019-11-10-http-nio-8880-exec-2-INFO -com.cg.cab.service.CabServiceImpl:<<Customer validation service>>
2019-11-10-http-nio-8880-exec-2-INFO -com.cg.cab.dao.CabDaoImpl:<<Customer validation >>
2019-11-10-http-nio-8880-exec-5-INFO -com.cg.cab.controller.CabController:================================================
2019-11-10-http-nio-8880-exec-5-INFO -com.cg.cab.controller.CabController:POST MAPPING REQUEST to VALIDATE Customer
2019-11-10-http-nio-8880-exec-5-INFO -com.cg.cab.service.CabServiceImpl:<<Customer validation service>>
2019-11-10-http-nio-8880-exec-5-INFO -com.cg.cab.dao.CabDaoImpl:<<Customer validation >>
2019-11-10-http-nio-8880-exec-4-INFO -com.cg.cab.controller.CabController:================================================
2019-11-10-http-nio-8880-exec-4-INFO -com.cg.cab.controller.CabController:POST MAPPING REQUEST to VALIDATE Customer
2019-11-10-http-nio-8880-exec-4-INFO -com.cg.cab.service.CabServiceImpl:<<Customer validation service>>
2019-11-10-http-nio-8880-exec-4-INFO -com.cg.cab.dao.CabDaoImpl:<<Customer validation >>
2019-11-10-http-nio-8880-exec-8-INFO -com.cg.cab.controller.CabController:================================================
2019-11-10-http-nio-8880-exec-8-INFO -com.cg.cab.controller.CabController:POST MAPPING REQUEST to VALIDATE Customer
2019-11-10-http-nio-8880-exec-8-INFO -com.cg.cab.service.CabServiceImpl:<<Customer validation service>>
2019-11-10-http-nio-8880-exec-8-INFO -com.cg.cab.dao.CabDaoImpl:<<Customer validation >>
2019-11-10-http-nio-8880-exec-7-INFO -com.cg.cab.controller.CabController:================================================
2019-11-10-http-nio-8880-exec-7-INFO -com.cg.cab.controller.CabController:POST MAPPING REQUEST to VALIDATE Customer
2019-11-10-http-nio-8880-exec-7-INFO -com.cg.cab.service.CabServiceImpl:<<Customer validation service>>
2019-11-10-http-nio-8880-exec-7-INFO -com.cg.cab.dao.CabDaoImpl:<<Customer validation >>
2019-11-10-http-nio-8880-exec-6-INFO -com.cg.cab.controller.CabController:================================================
2019-11-10-http-nio-8880-exec-6-INFO -com.cg.cab.controller.CabController:POST MAPPING REQUEST to VALIDATE Customer
2019-11-10-http-nio-8880-exec-6-INFO -com.cg.cab.service.CabServiceImpl:<<Customer validation service>>
2019-11-10-http-nio-8880-exec-6-INFO -com.cg.cab.dao.CabDaoImpl:<<Customer validation >>
2019-11-10-http-nio-8880-exec-10-INFO -com.cg.cab.controller.CabController:================================================
2019-11-10-http-nio-8880-exec-10-INFO -com.cg.cab.controller.CabController:POST MAPPING REQUEST to VALIDATE Customer
2019-11-10-http-nio-8880-exec-10-INFO -com.cg.cab.service.CabServiceImpl:<<Customer validation service>>
2019-11-10-http-nio-8880-exec-10-INFO -com.cg.cab.dao.CabDaoImpl:<<Customer validation >>
2019-11-10-http-nio-8880-exec-1-INFO -com.cg.cab.controller.CabController:================================================
2019-11-10-http-nio-8880-exec-1-INFO -com.cg.cab.controller.CabController:POST MAPPING REQUEST to VALIDATE Customer
2019-11-10-http-nio-8880-exec-1-INFO -com.cg.cab.service.CabServiceImpl:<<Customer validation service>>
2019-11-10-http-nio-8880-exec-1-INFO -com.cg.cab.dao.CabDaoImpl:<<Customer validation >>
2019-11-10-http-nio-8880-exec-2-INFO -com.cg.cab.controller.CabController:================================================
2019-11-10-http-nio-8880-exec-2-INFO -com.cg.cab.controller.CabController:POST MAPPING REQUEST to VALIDATE Customer
2019-11-10-http-nio-8880-exec-2-INFO -com.cg.cab.service.CabServiceImpl:<<Customer validation service>>
2019-11-10-http-nio-8880-exec-2-INFO -com.cg.cab.dao.CabDaoImpl:<<Customer validation >>
2019-11-10-http-nio-8880-exec-3-INFO -com.cg.cab.controller.CabController:================================================
2019-11-10-http-nio-8880-exec-3-INFO -com.cg.cab.controller.CabController:POST MAPPING REQUEST to VALIDATE Customer
2019-11-10-http-nio-8880-exec-3-INFO -com.cg.cab.service.CabServiceImpl:<<Customer validation service>>
2019-11-10-http-nio-8880-exec-3-INFO -com.cg.cab.dao.CabDaoImpl:<<Customer validation >>
2019-11-10-http-nio-8880-exec-5-INFO -com.cg.cab.controller.CabController:================================================
2019-11-10-http-nio-8880-exec-5-INFO -com.cg.cab.controller.CabController:POST MAPPING REQUEST to VALIDATE Customer
2019-11-10-http-nio-8880-exec-5-INFO -com.cg.cab.service.CabServiceImpl:<<Customer validation service>>
2019-11-10-http-nio-8880-exec-5-INFO -com.cg.cab.dao.CabDaoImpl:<<Customer validation >>
2019-11-10-http-nio-8880-exec-4-INFO -com.cg.cab.controller.CabController:================================================
2019-11-10-http-nio-8880-exec-4-INFO -com.cg.cab.controller.CabController:POST MAPPING REQUEST to VALIDATE Customer
2019-11-10-http-nio-8880-exec-4-INFO -com.cg.cab.service.CabServiceImpl:<<Customer validation service>>
2019-11-10-http-nio-8880-exec-4-INFO -com.cg.cab.dao.CabDaoImpl:<<Customer validation >>
2019-11-10-http-nio-8880-exec-9-INFO -com.cg.cab.controller.CabController:================================================
2019-11-10-http-nio-8880-exec-9-INFO -com.cg.cab.controller.CabController:POST MAPPING REQUEST to VALIDATE Customer
2019-11-10-http-nio-8880-exec-9-INFO -com.cg.cab.service.CabServiceImpl:<<Customer validation service>>
2019-11-10-http-nio-8880-exec-9-INFO -com.cg.cab.dao.CabDaoImpl:<<Customer validation >>
2019-11-10-http-nio-8880-exec-6-INFO -com.cg.cab.controller.CabController:================================================
2019-11-10-http-nio-8880-exec-6-INFO -com.cg.cab.controller.CabController:POST MAPPING REQUEST to VALIDATE Customer
2019-11-10-http-nio-8880-exec-6-INFO -com.cg.cab.service.CabServiceImpl:<<Customer validation service>>
2019-11-10-http-nio-8880-exec-6-INFO -com.cg.cab.dao.CabDaoImpl:<<Customer validation >>
2019-11-10-http-nio-8880-exec-4-INFO -com.cg.cab.controller.CabController:================================================
2019-11-10-http-nio-8880-exec-4-INFO -com.cg.cab.controller.CabController:POST MAPPING REQUEST to VALIDATE Customer
2019-11-10-http-nio-8880-exec-4-INFO -com.cg.cab.service.CabServiceImpl:<<Customer validation service>>
2019-11-10-http-nio-8880-exec-4-INFO -com.cg.cab.dao.CabDaoImpl:<<Customer validation >>
2019-11-10-http-nio-8880-exec-4-ERROR-com.cg.cab.dao.CabDaoImpl:Customer not found
2019-11-10-http-nio-8880-exec-9-INFO -com.cg.cab.controller.CabController:================================================
2019-11-10-http-nio-8880-exec-9-INFO -com.cg.cab.controller.CabController:POST MAPPING REQUEST to VALIDATE Customer
2019-11-10-http-nio-8880-exec-9-INFO -com.cg.cab.service.CabServiceImpl:<<Customer validation service>>
2019-11-10-http-nio-8880-exec-9-INFO -com.cg.cab.dao.CabDaoImpl:<<Customer validation >>
2019-11-10-http-nio-8880-exec-10-INFO -com.cg.cab.controller.CabController:================================================
2019-11-10-http-nio-8880-exec-10-INFO -com.cg.cab.controller.CabController:POST MAPPING REQUEST to VALIDATE Driver
2019-11-10-http-nio-8880-exec-10-INFO -com.cg.cab.service.CabServiceImpl:<<Driver validation service>>
2019-11-10-http-nio-8880-exec-10-INFO -com.cg.cab.dao.CabDaoImpl:<<Driver validation >>
2019-11-10-http-nio-8880-exec-10-INFO -com.cg.cab.dao.CabDaoImpl:Driver found
2019-11-10-http-nio-8880-exec-8-INFO -com.cg.cab.controller.CabController:================================================
2019-11-10-http-nio-8880-exec-8-INFO -com.cg.cab.controller.CabController:POST MAPPING REQUEST for SIGN-UP Driver
2019-11-10-http-nio-8880-exec-8-INFO -com.cg.cab.service.CabServiceImpl:<<Sign-up of new Driver service>>
2019-11-10-http-nio-8880-exec-8-INFO -com.cg.cab.dao.CabDaoImpl:<<Sign-up of new Driver>>
2019-11-10-http-nio-8880-exec-8-INFO -com.cg.cab.dao.CabDaoImpl:Driver Persisted
2019-11-10-http-nio-8880-exec-10-INFO -com.cg.cab.controller.CabController:================================================
2019-11-10-http-nio-8880-exec-10-INFO -com.cg.cab.controller.CabController:POST MAPPING REQUEST to VALIDATE Driver
2019-11-10-http-nio-8880-exec-10-INFO -com.cg.cab.service.CabServiceImpl:<<Driver validation service>>
2019-11-10-http-nio-8880-exec-10-INFO -com.cg.cab.dao.CabDaoImpl:<<Driver validation >>
2019-11-10-http-nio-8880-exec-10-INFO -com.cg.cab.dao.CabDaoImpl:Driver found
2019-11-10-http-nio-8880-exec-1-INFO -com.cg.cab.controller.CabController:================================================
2019-11-10-http-nio-8880-exec-1-INFO -com.cg.cab.controller.CabController:POST MAPPING REQUEST to VALIDATE Customer
2019-11-10-http-nio-8880-exec-1-INFO -com.cg.cab.service.CabServiceImpl:<<Customer validation service>>
2019-11-10-http-nio-8880-exec-1-INFO -com.cg.cab.dao.CabDaoImpl:<<Customer validation >>
2019-11-10-http-nio-8880-exec-3-INFO -com.cg.cab.controller.CabController:================================================
2019-11-10-http-nio-8880-exec-3-INFO -com.cg.cab.controller.CabController:POST MAPPING REQUEST to VALIDATE Customer
2019-11-10-http-nio-8880-exec-3-INFO -com.cg.cab.service.CabServiceImpl:<<Customer validation service>>
2019-11-10-http-nio-8880-exec-3-INFO -com.cg.cab.dao.CabDaoImpl:<<Customer validation >>
2019-11-10-http-nio-8880-exec-4-INFO -com.cg.cab.controller.CabController:================================================
2019-11-10-http-nio-8880-exec-4-INFO -com.cg.cab.controller.CabController:POST MAPPING REQUEST for SIGN-UP Driver
2019-11-10-http-nio-8880-exec-4-INFO -com.cg.cab.service.CabServiceImpl:<<Sign-up of new Driver service>>
2019-11-10-http-nio-8880-exec-4-INFO -com.cg.cab.dao.CabDaoImpl:<<Sign-up of new Driver>>
2019-11-10-http-nio-8880-exec-4-INFO -com.cg.cab.dao.CabDaoImpl:Driver Persisted
2019-11-10-http-nio-8880-exec-10-INFO -com.cg.cab.controller.CabController:================================================
2019-11-10-http-nio-8880-exec-10-INFO -com.cg.cab.controller.CabController:POST MAPPING REQUEST to VALIDATE Customer
2019-11-10-http-nio-8880-exec-10-INFO -com.cg.cab.service.CabServiceImpl:<<Customer validation service>>
2019-11-10-http-nio-8880-exec-10-INFO -com.cg.cab.dao.CabDaoImpl:<<Customer validation >>
2019-11-10-http-nio-8880-exec-10-ERROR-com.cg.cab.dao.CabDaoImpl:Customer not found
2019-11-10-http-nio-8880-exec-1-INFO -com.cg.cab.controller.CabController:================================================
2019-11-10-http-nio-8880-exec-1-INFO -com.cg.cab.controller.CabController:POST MAPPING REQUEST for SIGN-UP Customer
2019-11-10-http-nio-8880-exec-1-INFO -com.cg.cab.service.CabServiceImpl:<<Sign-up of new Customer service>>
2019-11-10-http-nio-8880-exec-1-INFO -com.cg.cab.dao.CabDaoImpl:<<Sign-up of new Customer dao>>
2019-11-10-http-nio-8880-exec-1-INFO -com.cg.cab.dao.CabDaoImpl:Setting wallet value as 1000
2019-11-10-http-nio-8880-exec-1-INFO -com.cg.cab.dao.CabDaoImpl:Customer Persisted
2019-11-10-http-nio-8880-exec-3-INFO -com.cg.cab.controller.CabController:================================================
2019-11-10-http-nio-8880-exec-3-INFO -com.cg.cab.controller.CabController:POST MAPPING REQUEST to VALIDATE Customer
2019-11-10-http-nio-8880-exec-3-INFO -com.cg.cab.service.CabServiceImpl:<<Customer validation service>>
2019-11-10-http-nio-8880-exec-3-INFO -com.cg.cab.dao.CabDaoImpl:<<Customer validation >>
2019-11-10-http-nio-8880-exec-5-INFO -com.cg.cab.controller.CabController:================================================
2019-11-10-http-nio-8880-exec-5-INFO -com.cg.cab.controller.CabController:POST MAPPING REQUEST to VALIDATE Customer
2019-11-10-http-nio-8880-exec-5-INFO -com.cg.cab.service.CabServiceImpl:<<Customer validation service>>
2019-11-10-http-nio-8880-exec-5-INFO -com.cg.cab.dao.CabDaoImpl:<<Customer validation >>
2019-11-10-http-nio-8880-exec-1-INFO -com.cg.cab.controller.CabController:================================================
2019-11-10-http-nio-8880-exec-1-INFO -com.cg.cab.controller.CabController:POST MAPPING REQUEST to VALIDATE Customer
2019-11-10-http-nio-8880-exec-1-INFO -com.cg.cab.service.CabServiceImpl:<<Customer validation service>>
2019-11-10-http-nio-8880-exec-1-INFO -com.cg.cab.controller.CabController:================================================
2019-11-10-http-nio-8880-exec-1-INFO -com.cg.cab.controller.CabController:POST MAPPING REQUEST to VALIDATE Customer
2019-11-10-http-nio-8880-exec-1-INFO -com.cg.cab.service.CabServiceImpl:<<Customer validation service>>
2019-11-10-http-nio-8880-exec-1-INFO -com.cg.cab.dao.CabDaoImpl:<<Customer validation >>
2019-11-10-http-nio-8880-exec-2-INFO -com.cg.cab.controller.CabController:================================================
2019-11-10-http-nio-8880-exec-2-INFO -com.cg.cab.controller.CabController:POST MAPPING REQUEST to VALIDATE Customer
2019-11-10-http-nio-8880-exec-2-INFO -com.cg.cab.service.CabServiceImpl:<<Customer validation service>>
2019-11-10-http-nio-8880-exec-2-INFO -com.cg.cab.dao.CabDaoImpl:<<Customer validation >>
2019-11-10-http-nio-8880-exec-4-INFO -com.cg.cab.controller.CabController:================================================
2019-11-10-http-nio-8880-exec-4-INFO -com.cg.cab.controller.CabController:POST MAPPING REQUEST to VALIDATE Driver
2019-11-10-http-nio-8880-exec-4-INFO -com.cg.cab.service.CabServiceImpl:<<Driver validation service>>
2019-11-10-http-nio-8880-exec-4-INFO -com.cg.cab.dao.CabDaoImpl:<<Driver validation >>
2019-11-10-http-nio-8880-exec-4-INFO -com.cg.cab.dao.CabDaoImpl:Driver found
2019-11-10-http-nio-8880-exec-6-INFO -com.cg.cab.controller.CabController:================================================
2019-11-10-http-nio-8880-exec-6-INFO -com.cg.cab.controller.CabController:POST MAPPING REQUEST to VALIDATE Customer
2019-11-10-http-nio-8880-exec-6-INFO -com.cg.cab.service.CabServiceImpl:<<Customer validation service>>
2019-11-10-http-nio-8880-exec-6-INFO -com.cg.cab.dao.CabDaoImpl:<<Customer validation >>
2019-11-10-http-nio-8880-exec-8-INFO -com.cg.cab.controller.CabController:================================================
2019-11-10-http-nio-8880-exec-8-INFO -com.cg.cab.controller.CabController:POST MAPPING REQUEST to VALIDATE Driver
2019-11-10-http-nio-8880-exec-8-INFO -com.cg.cab.service.CabServiceImpl:<<Driver validation service>>
2019-11-10-http-nio-8880-exec-8-INFO -com.cg.cab.dao.CabDaoImpl:<<Driver validation >>
2019-11-10-http-nio-8880-exec-8-ERROR-com.cg.cab.dao.CabDaoImpl:Driver not found
2019-11-10-http-nio-8880-exec-10-INFO -com.cg.cab.controller.CabController:================================================
2019-11-10-http-nio-8880-exec-10-INFO -com.cg.cab.controller.CabController:POST MAPPING REQUEST to VALIDATE Driver
2019-11-10-http-nio-8880-exec-10-INFO -com.cg.cab.service.CabServiceImpl:<<Driver validation service>>
2019-11-10-http-nio-8880-exec-10-INFO -com.cg.cab.dao.CabDaoImpl:<<Driver validation >>
2019-11-10-http-nio-8880-exec-10-INFO -com.cg.cab.dao.CabDaoImpl:Driver found
2019-11-10-http-nio-8880-exec-1-INFO -com.cg.cab.controller.CabController:================================================
2019-11-10-http-nio-8880-exec-1-INFO -com.cg.cab.controller.CabController:POST MAPPING REQUEST to VALIDATE Driver
2019-11-10-http-nio-8880-exec-1-INFO -com.cg.cab.service.CabServiceImpl:<<Driver validation service>>
2019-11-10-http-nio-8880-exec-1-INFO -com.cg.cab.dao.CabDaoImpl:<<Driver validation >>
2019-11-10-http-nio-8880-exec-1-INFO -com.cg.cab.dao.CabDaoImpl:Driver found
